2025-11-06 13:37:22 INFO     root: Logging initialized: /scratch/edk202/ngram-prep/logs/training_workflow/training_workflow_20251106_133722.log
2025-11-06 13:37:22 INFO     root: ================================================================================
2025-11-06 13:37:22 INFO     root: Workflow: training_workflow
2025-11-06 13:37:22 INFO     root: Started: 2025-11-06 13:37:22
2025-11-06 13:37:22 INFO     root: Log file: /scratch/edk202/ngram-prep/logs/training_workflow/training_workflow_20251106_133722.log
2025-11-06 13:37:22 INFO     root: ================================================================================
2025-11-06 13:41:45 INFO     gensim.models.word2vec: Shared corpus file created: /state/partition1/job-1645387/w2v_corpus_y1945_wbnone_zfiyvzou.txt
2025-11-06 13:42:03 INFO     gensim.models.word2vec: Shared corpus file created: /state/partition1/job-1645387/w2v_corpus_y1935_wbnone_aiy48mnb.txt
2025-11-06 13:42:10 INFO     gensim.models.word2vec: Shared corpus file created: /state/partition1/job-1645387/w2v_corpus_y1925_wbnone_6qrra2e8.txt
2025-11-06 13:42:10 INFO     gensim.models.word2vec: Shared corpus file created: /state/partition1/job-1645387/w2v_corpus_y1940_wbnone_gcmglo8s.txt
2025-11-06 13:42:17 INFO     gensim.models.word2vec: Shared corpus file created: /state/partition1/job-1645387/w2v_corpus_y1930_wbnone_l98txkhk.txt
2025-11-06 13:42:25 INFO     gensim.models.word2vec: Shared corpus file created: /state/partition1/job-1645387/w2v_corpus_y1905_wbnone_8aqx7j6u.txt
2025-11-06 13:42:27 INFO     gensim.models.word2vec: Shared corpus file created: /state/partition1/job-1645387/w2v_corpus_y1915_wbnone_hthp1a9_.txt
2025-11-06 13:42:36 INFO     gensim.models.word2vec: Shared corpus file created: /state/partition1/job-1645387/w2v_corpus_y1900_wbnone_le9uov61.txt
2025-11-06 13:42:39 INFO     gensim.models.word2vec: Shared corpus file created: /state/partition1/job-1645387/w2v_corpus_y1920_wbnone_6isbu2cj.txt
2025-11-06 13:42:56 INFO     gensim.models.word2vec: Shared corpus file created: /state/partition1/job-1645387/w2v_corpus_y1910_wbnone_mrxhjti9.txt
2025-11-06 13:43:18 INFO     gensim.models.word2vec: Shared corpus file created: /state/partition1/job-1645387/w2v_corpus_y1950_wbnone_g4f33dlm.txt
2025-11-06 13:43:19 INFO     gensim.models.word2vec: Shared corpus file created: /state/partition1/job-1645387/w2v_corpus_y1955_wbnone_q2chd6t4.txt
2025-11-06 13:44:02 INFO     gensim.models.word2vec: Shared corpus file created: /state/partition1/job-1645387/w2v_corpus_y1960_wbnone_8n5i7u9e.txt
2025-11-06 13:44:56 INFO     gensim.models.word2vec: Shared corpus file created: /state/partition1/job-1645387/w2v_corpus_y1965_wbnone_klu65_01.txt
2025-11-06 13:45:36 INFO     gensim.models.word2vec: Shared corpus file created: /state/partition1/job-1645387/w2v_corpus_y1975_wbnone_7hzujhe_.txt
2025-11-06 13:46:00 INFO     gensim.models.word2vec: Shared corpus file created: /state/partition1/job-1645387/w2v_corpus_y1970_wbnone_gehmbrjk.txt
2025-11-06 13:46:14 INFO     gensim.models.word2vec: Shared corpus file created: /state/partition1/job-1645387/w2v_corpus_y1980_wbnone_2176m2tg.txt
2025-11-06 13:46:24 INFO     gensim.models.word2vec: Shared corpus file created: /state/partition1/job-1645387/w2v_corpus_y1985_wbnone__fmkopso.txt
2025-11-06 13:46:59 INFO     gensim.models.word2vec: Shared corpus file created: /state/partition1/job-1645387/w2v_corpus_y1990_wbnone_fys9klor.txt
2025-11-06 13:47:24 INFO     gensim.models.word2vec: Shared corpus file created: /state/partition1/job-1645387/w2v_corpus_y1995_wbnone_u2nc6heb.txt
2025-11-06 13:47:41 INFO     gensim.models.word2vec: Shared corpus file created: /state/partition1/job-1645387/w2v_corpus_y2015_wbnone_wqtcmqcm.txt
2025-11-06 13:48:08 INFO     gensim.models.word2vec: Shared corpus file created: /state/partition1/job-1645387/w2v_corpus_y2010_wbnone_qc0im4vf.txt
2025-11-06 13:48:21 INFO     gensim.models.word2vec: Shared corpus file created: /state/partition1/job-1645387/w2v_corpus_y2000_wbnone_2ix8tf05.txt
2025-11-06 13:48:59 INFO     gensim.models.word2vec: Shared corpus file created: /state/partition1/job-1645387/w2v_corpus_y2005_wbnone_m9hl4fg3.txt
