2025-11-06 08:34:29 INFO     root: Logging initialized: /scratch/edk202/ngram-prep/logs/training_workflow/training_workflow_20251106_083429.log
2025-11-06 08:34:29 INFO     root: ================================================================================
2025-11-06 08:34:29 INFO     root: Workflow: training_workflow
2025-11-06 08:34:29 INFO     root: Started: 2025-11-06 08:34:29
2025-11-06 08:34:29 INFO     root: Log file: /scratch/edk202/ngram-prep/logs/training_workflow/training_workflow_20251106_083429.log
2025-11-06 08:34:29 INFO     root: ================================================================================
2025-11-06 08:34:29 INFO     gensim.utils: loading KeyedVectors object from /vast/edk202/NLP_models/Google_Books/20200217/eng/5gram_files/models_test/w2v_y2019_wbnone_vs100_w004_mc001_sg0_e010.kv
2025-11-06 08:34:29 INFO     gensim.utils: KeyedVectors lifecycle event {'fname': '/vast/edk202/NLP_models/Google_Books/20200217/eng/5gram_files/models_test/w2v_y2019_wbnone_vs100_w004_mc001_sg0_e010.kv', 'datetime': '2025-11-06T08:34:29.146728', 'gensim': '4.3.3', 'python': '3.11.14 | packaged by conda-forge | (main, Oct 22 2025, 22:46:25) [GCC 14.3.0]', 'platform': 'Linux-5.14.0-284.86.1.el9_2.x86_64-x86_64-with-glibc2.35', 'event': 'loaded'}
2025-11-06 08:34:29 INFO     gensim.utils: loading KeyedVectors object from /vast/edk202/NLP_models/Google_Books/20200217/eng/5gram_files/models_test/w2v_y2019_wbnone_vs100_w004_mc001_sg0_e015.kv
2025-11-06 08:34:29 INFO     gensim.utils: KeyedVectors lifecycle event {'fname': '/vast/edk202/NLP_models/Google_Books/20200217/eng/5gram_files/models_test/w2v_y2019_wbnone_vs100_w004_mc001_sg0_e015.kv', 'datetime': '2025-11-06T08:34:29.156888', 'gensim': '4.3.3', 'python': '3.11.14 | packaged by conda-forge | (main, Oct 22 2025, 22:46:25) [GCC 14.3.0]', 'platform': 'Linux-5.14.0-284.86.1.el9_2.x86_64-x86_64-with-glibc2.35', 'event': 'loaded'}
2025-11-06 08:34:29 INFO     gensim.utils: loading KeyedVectors object from /vast/edk202/NLP_models/Google_Books/20200217/eng/5gram_files/models_test/w2v_y2019_wbnone_vs100_w004_mc001_sg0_e020.kv
2025-11-06 08:34:29 INFO     gensim.utils: KeyedVectors lifecycle event {'fname': '/vast/edk202/NLP_models/Google_Books/20200217/eng/5gram_files/models_test/w2v_y2019_wbnone_vs100_w004_mc001_sg0_e020.kv', 'datetime': '2025-11-06T08:34:29.170288', 'gensim': '4.3.3', 'python': '3.11.14 | packaged by conda-forge | (main, Oct 22 2025, 22:46:25) [GCC 14.3.0]', 'platform': 'Linux-5.14.0-284.86.1.el9_2.x86_64-x86_64-with-glibc2.35', 'event': 'loaded'}
2025-11-06 08:34:29 INFO     gensim.utils: loading KeyedVectors object from /vast/edk202/NLP_models/Google_Books/20200217/eng/5gram_files/models_test/w2v_y2019_wbnone_vs100_w004_mc001_sg0_e025.kv
2025-11-06 08:34:29 INFO     gensim.utils: KeyedVectors lifecycle event {'fname': '/vast/edk202/NLP_models/Google_Books/20200217/eng/5gram_files/models_test/w2v_y2019_wbnone_vs100_w004_mc001_sg0_e025.kv', 'datetime': '2025-11-06T08:34:29.179037', 'gensim': '4.3.3', 'python': '3.11.14 | packaged by conda-forge | (main, Oct 22 2025, 22:46:25) [GCC 14.3.0]', 'platform': 'Linux-5.14.0-284.86.1.el9_2.x86_64-x86_64-with-glibc2.35', 'event': 'loaded'}
2025-11-06 08:34:29 INFO     gensim.utils: loading KeyedVectors object from /vast/edk202/NLP_models/Google_Books/20200217/eng/5gram_files/models_test/w2v_y2019_wbnone_vs100_w004_mc001_sg1_e005.kv
2025-11-06 08:34:29 INFO     gensim.utils: KeyedVectors lifecycle event {'fname': '/vast/edk202/NLP_models/Google_Books/20200217/eng/5gram_files/models_test/w2v_y2019_wbnone_vs100_w004_mc001_sg1_e005.kv', 'datetime': '2025-11-06T08:34:29.181328', 'gensim': '4.3.3', 'python': '3.11.14 | packaged by conda-forge | (main, Oct 22 2025, 22:46:25) [GCC 14.3.0]', 'platform': 'Linux-5.14.0-284.86.1.el9_2.x86_64-x86_64-with-glibc2.35', 'event': 'loaded'}
2025-11-06 08:34:29 INFO     gensim.utils: loading KeyedVectors object from /vast/edk202/NLP_models/Google_Books/20200217/eng/5gram_files/models_test/w2v_y2019_wbnone_vs100_w004_mc001_sg1_e010.kv
2025-11-06 08:34:29 INFO     gensim.utils: KeyedVectors lifecycle event {'fname': '/vast/edk202/NLP_models/Google_Books/20200217/eng/5gram_files/models_test/w2v_y2019_wbnone_vs100_w004_mc001_sg1_e010.kv', 'datetime': '2025-11-06T08:34:29.187491', 'gensim': '4.3.3', 'python': '3.11.14 | packaged by conda-forge | (main, Oct 22 2025, 22:46:25) [GCC 14.3.0]', 'platform': 'Linux-5.14.0-284.86.1.el9_2.x86_64-x86_64-with-glibc2.35', 'event': 'loaded'}
2025-11-06 08:34:29 INFO     gensim.utils: loading KeyedVectors object from /vast/edk202/NLP_models/Google_Books/20200217/eng/5gram_files/models_test/w2v_y2019_wbnone_vs100_w004_mc001_sg1_e015.kv
2025-11-06 08:34:29 INFO     gensim.utils: KeyedVectors lifecycle event {'fname': '/vast/edk202/NLP_models/Google_Books/20200217/eng/5gram_files/models_test/w2v_y2019_wbnone_vs100_w004_mc001_sg1_e015.kv', 'datetime': '2025-11-06T08:34:29.189822', 'gensim': '4.3.3', 'python': '3.11.14 | packaged by conda-forge | (main, Oct 22 2025, 22:46:25) [GCC 14.3.0]', 'platform': 'Linux-5.14.0-284.86.1.el9_2.x86_64-x86_64-with-glibc2.35', 'event': 'loaded'}
2025-11-06 08:34:29 INFO     gensim.utils: loading KeyedVectors object from /vast/edk202/NLP_models/Google_Books/20200217/eng/5gram_files/models_test/w2v_y2019_wbnone_vs100_w004_mc001_sg1_e020.kv
2025-11-06 08:34:29 INFO     gensim.utils: KeyedVectors lifecycle event {'fname': '/vast/edk202/NLP_models/Google_Books/20200217/eng/5gram_files/models_test/w2v_y2019_wbnone_vs100_w004_mc001_sg1_e020.kv', 'datetime': '2025-11-06T08:34:29.192149', 'gensim': '4.3.3', 'python': '3.11.14 | packaged by conda-forge | (main, Oct 22 2025, 22:46:25) [GCC 14.3.0]', 'platform': 'Linux-5.14.0-284.86.1.el9_2.x86_64-x86_64-with-glibc2.35', 'event': 'loaded'}
2025-11-06 08:34:29 INFO     gensim.utils: loading KeyedVectors object from /vast/edk202/NLP_models/Google_Books/20200217/eng/5gram_files/models_test/w2v_y2019_wbnone_vs100_w004_mc001_sg1_e025.kv
2025-11-06 08:34:29 INFO     gensim.utils: KeyedVectors lifecycle event {'fname': '/vast/edk202/NLP_models/Google_Books/20200217/eng/5gram_files/models_test/w2v_y2019_wbnone_vs100_w004_mc001_sg1_e025.kv', 'datetime': '2025-11-06T08:34:29.194581', 'gensim': '4.3.3', 'python': '3.11.14 | packaged by conda-forge | (main, Oct 22 2025, 22:46:25) [GCC 14.3.0]', 'platform': 'Linux-5.14.0-284.86.1.el9_2.x86_64-x86_64-with-glibc2.35', 'event': 'loaded'}
2025-11-06 08:34:29 INFO     gensim.utils: loading KeyedVectors object from /vast/edk202/NLP_models/Google_Books/20200217/eng/5gram_files/models_test/w2v_y2019_wbnone_vs200_w004_mc001_sg0_e005.kv
2025-11-06 08:34:29 INFO     gensim.utils: KeyedVectors lifecycle event {'fname': '/vast/edk202/NLP_models/Google_Books/20200217/eng/5gram_files/models_test/w2v_y2019_wbnone_vs200_w004_mc001_sg0_e005.kv', 'datetime': '2025-11-06T08:34:29.204810', 'gensim': '4.3.3', 'python': '3.11.14 | packaged by conda-forge | (main, Oct 22 2025, 22:46:25) [GCC 14.3.0]', 'platform': 'Linux-5.14.0-284.86.1.el9_2.x86_64-x86_64-with-glibc2.35', 'event': 'loaded'}
2025-11-06 08:34:29 INFO     gensim.utils: loading KeyedVectors object from /vast/edk202/NLP_models/Google_Books/20200217/eng/5gram_files/models_test/w2v_y2019_wbnone_vs200_w004_mc001_sg0_e010.kv
2025-11-06 08:34:29 INFO     gensim.utils: KeyedVectors lifecycle event {'fname': '/vast/edk202/NLP_models/Google_Books/20200217/eng/5gram_files/models_test/w2v_y2019_wbnone_vs200_w004_mc001_sg0_e010.kv', 'datetime': '2025-11-06T08:34:29.207601', 'gensim': '4.3.3', 'python': '3.11.14 | packaged by conda-forge | (main, Oct 22 2025, 22:46:25) [GCC 14.3.0]', 'platform': 'Linux-5.14.0-284.86.1.el9_2.x86_64-x86_64-with-glibc2.35', 'event': 'loaded'}
2025-11-06 08:34:29 INFO     gensim.utils: loading KeyedVectors object from /vast/edk202/NLP_models/Google_Books/20200217/eng/5gram_files/models_test/w2v_y2019_wbnone_vs200_w004_mc001_sg0_e015.kv
2025-11-06 08:34:29 INFO     gensim.utils: KeyedVectors lifecycle event {'fname': '/vast/edk202/NLP_models/Google_Books/20200217/eng/5gram_files/models_test/w2v_y2019_wbnone_vs200_w004_mc001_sg0_e015.kv', 'datetime': '2025-11-06T08:34:29.210280', 'gensim': '4.3.3', 'python': '3.11.14 | packaged by conda-forge | (main, Oct 22 2025, 22:46:25) [GCC 14.3.0]', 'platform': 'Linux-5.14.0-284.86.1.el9_2.x86_64-x86_64-with-glibc2.35', 'event': 'loaded'}
2025-11-06 08:34:29 INFO     gensim.utils: loading KeyedVectors object from /vast/edk202/NLP_models/Google_Books/20200217/eng/5gram_files/models_test/w2v_y2019_wbnone_vs200_w004_mc001_sg0_e020.kv
2025-11-06 08:34:29 INFO     gensim.utils: KeyedVectors lifecycle event {'fname': '/vast/edk202/NLP_models/Google_Books/20200217/eng/5gram_files/models_test/w2v_y2019_wbnone_vs200_w004_mc001_sg0_e020.kv', 'datetime': '2025-11-06T08:34:29.213229', 'gensim': '4.3.3', 'python': '3.11.14 | packaged by conda-forge | (main, Oct 22 2025, 22:46:25) [GCC 14.3.0]', 'platform': 'Linux-5.14.0-284.86.1.el9_2.x86_64-x86_64-with-glibc2.35', 'event': 'loaded'}
2025-11-06 08:34:29 INFO     gensim.utils: loading KeyedVectors object from /vast/edk202/NLP_models/Google_Books/20200217/eng/5gram_files/models_test/w2v_y2019_wbnone_vs200_w004_mc001_sg0_e025.kv
2025-11-06 08:34:29 INFO     gensim.utils: KeyedVectors lifecycle event {'fname': '/vast/edk202/NLP_models/Google_Books/20200217/eng/5gram_files/models_test/w2v_y2019_wbnone_vs200_w004_mc001_sg0_e025.kv', 'datetime': '2025-11-06T08:34:29.216135', 'gensim': '4.3.3', 'python': '3.11.14 | packaged by conda-forge | (main, Oct 22 2025, 22:46:25) [GCC 14.3.0]', 'platform': 'Linux-5.14.0-284.86.1.el9_2.x86_64-x86_64-with-glibc2.35', 'event': 'loaded'}
2025-11-06 08:34:29 INFO     gensim.utils: loading KeyedVectors object from /vast/edk202/NLP_models/Google_Books/20200217/eng/5gram_files/models_test/w2v_y2019_wbnone_vs200_w004_mc001_sg1_e005.kv
2025-11-06 08:34:29 INFO     gensim.utils: KeyedVectors lifecycle event {'fname': '/vast/edk202/NLP_models/Google_Books/20200217/eng/5gram_files/models_test/w2v_y2019_wbnone_vs200_w004_mc001_sg1_e005.kv', 'datetime': '2025-11-06T08:34:29.225205', 'gensim': '4.3.3', 'python': '3.11.14 | packaged by conda-forge | (main, Oct 22 2025, 22:46:25) [GCC 14.3.0]', 'platform': 'Linux-5.14.0-284.86.1.el9_2.x86_64-x86_64-with-glibc2.35', 'event': 'loaded'}
2025-11-06 08:34:29 INFO     gensim.utils: loading KeyedVectors object from /vast/edk202/NLP_models/Google_Books/20200217/eng/5gram_files/models_test/w2v_y2019_wbnone_vs200_w004_mc001_sg1_e010.kv
2025-11-06 08:34:29 INFO     gensim.utils: KeyedVectors lifecycle event {'fname': '/vast/edk202/NLP_models/Google_Books/20200217/eng/5gram_files/models_test/w2v_y2019_wbnone_vs200_w004_mc001_sg1_e010.kv', 'datetime': '2025-11-06T08:34:29.228038', 'gensim': '4.3.3', 'python': '3.11.14 | packaged by conda-forge | (main, Oct 22 2025, 22:46:25) [GCC 14.3.0]', 'platform': 'Linux-5.14.0-284.86.1.el9_2.x86_64-x86_64-with-glibc2.35', 'event': 'loaded'}
2025-11-06 08:34:29 INFO     gensim.utils: loading KeyedVectors object from /vast/edk202/NLP_models/Google_Books/20200217/eng/5gram_files/models_test/w2v_y2019_wbnone_vs200_w004_mc001_sg1_e015.kv
2025-11-06 08:34:29 INFO     gensim.utils: KeyedVectors lifecycle event {'fname': '/vast/edk202/NLP_models/Google_Books/20200217/eng/5gram_files/models_test/w2v_y2019_wbnone_vs200_w004_mc001_sg1_e015.kv', 'datetime': '2025-11-06T08:34:29.230722', 'gensim': '4.3.3', 'python': '3.11.14 | packaged by conda-forge | (main, Oct 22 2025, 22:46:25) [GCC 14.3.0]', 'platform': 'Linux-5.14.0-284.86.1.el9_2.x86_64-x86_64-with-glibc2.35', 'event': 'loaded'}
2025-11-06 08:34:29 INFO     gensim.utils: loading KeyedVectors object from /vast/edk202/NLP_models/Google_Books/20200217/eng/5gram_files/models_test/w2v_y2019_wbnone_vs200_w004_mc001_sg1_e020.kv
2025-11-06 08:34:29 INFO     gensim.utils: KeyedVectors lifecycle event {'fname': '/vast/edk202/NLP_models/Google_Books/20200217/eng/5gram_files/models_test/w2v_y2019_wbnone_vs200_w004_mc001_sg1_e020.kv', 'datetime': '2025-11-06T08:34:29.233504', 'gensim': '4.3.3', 'python': '3.11.14 | packaged by conda-forge | (main, Oct 22 2025, 22:46:25) [GCC 14.3.0]', 'platform': 'Linux-5.14.0-284.86.1.el9_2.x86_64-x86_64-with-glibc2.35', 'event': 'loaded'}
2025-11-06 08:34:29 INFO     gensim.utils: loading KeyedVectors object from /vast/edk202/NLP_models/Google_Books/20200217/eng/5gram_files/models_test/w2v_y2019_wbnone_vs200_w004_mc001_sg1_e025.kv
2025-11-06 08:34:29 INFO     gensim.utils: KeyedVectors lifecycle event {'fname': '/vast/edk202/NLP_models/Google_Books/20200217/eng/5gram_files/models_test/w2v_y2019_wbnone_vs200_w004_mc001_sg1_e025.kv', 'datetime': '2025-11-06T08:34:29.236290', 'gensim': '4.3.3', 'python': '3.11.14 | packaged by conda-forge | (main, Oct 22 2025, 22:46:25) [GCC 14.3.0]', 'platform': 'Linux-5.14.0-284.86.1.el9_2.x86_64-x86_64-with-glibc2.35', 'event': 'loaded'}
2025-11-06 08:34:29 INFO     gensim.utils: loading KeyedVectors object from /vast/edk202/NLP_models/Google_Books/20200217/eng/5gram_files/models_test/w2v_y2019_wbnone_vs300_w004_mc001_sg1_e005.kv
2025-11-06 08:34:29 INFO     gensim.utils: KeyedVectors lifecycle event {'fname': '/vast/edk202/NLP_models/Google_Books/20200217/eng/5gram_files/models_test/w2v_y2019_wbnone_vs300_w004_mc001_sg1_e005.kv', 'datetime': '2025-11-06T08:34:29.241020', 'gensim': '4.3.3', 'python': '3.11.14 | packaged by conda-forge | (main, Oct 22 2025, 22:46:25) [GCC 14.3.0]', 'platform': 'Linux-5.14.0-284.86.1.el9_2.x86_64-x86_64-with-glibc2.35', 'event': 'loaded'}
2025-11-06 08:34:29 INFO     gensim.utils: loading KeyedVectors object from /vast/edk202/NLP_models/Google_Books/20200217/eng/5gram_files/models_test/w2v_y2019_wbnone_vs300_w004_mc001_sg1_e010.kv
2025-11-06 08:34:29 INFO     gensim.utils: KeyedVectors lifecycle event {'fname': '/vast/edk202/NLP_models/Google_Books/20200217/eng/5gram_files/models_test/w2v_y2019_wbnone_vs300_w004_mc001_sg1_e010.kv', 'datetime': '2025-11-06T08:34:29.244146', 'gensim': '4.3.3', 'python': '3.11.14 | packaged by conda-forge | (main, Oct 22 2025, 22:46:25) [GCC 14.3.0]', 'platform': 'Linux-5.14.0-284.86.1.el9_2.x86_64-x86_64-with-glibc2.35', 'event': 'loaded'}
2025-11-06 08:34:29 INFO     gensim.utils: loading KeyedVectors object from /vast/edk202/NLP_models/Google_Books/20200217/eng/5gram_files/models_test/w2v_y2019_wbnone_vs300_w004_mc001_sg1_e015.kv
2025-11-06 08:34:29 INFO     gensim.utils: KeyedVectors lifecycle event {'fname': '/vast/edk202/NLP_models/Google_Books/20200217/eng/5gram_files/models_test/w2v_y2019_wbnone_vs300_w004_mc001_sg1_e015.kv', 'datetime': '2025-11-06T08:34:29.247273', 'gensim': '4.3.3', 'python': '3.11.14 | packaged by conda-forge | (main, Oct 22 2025, 22:46:25) [GCC 14.3.0]', 'platform': 'Linux-5.14.0-284.86.1.el9_2.x86_64-x86_64-with-glibc2.35', 'event': 'loaded'}
2025-11-06 08:34:29 INFO     gensim.utils: loading KeyedVectors object from /vast/edk202/NLP_models/Google_Books/20200217/eng/5gram_files/models_test/w2v_y2019_wbnone_vs300_w004_mc001_sg1_e020.kv
2025-11-06 08:34:29 INFO     gensim.utils: KeyedVectors lifecycle event {'fname': '/vast/edk202/NLP_models/Google_Books/20200217/eng/5gram_files/models_test/w2v_y2019_wbnone_vs300_w004_mc001_sg1_e020.kv', 'datetime': '2025-11-06T08:34:29.250392', 'gensim': '4.3.3', 'python': '3.11.14 | packaged by conda-forge | (main, Oct 22 2025, 22:46:25) [GCC 14.3.0]', 'platform': 'Linux-5.14.0-284.86.1.el9_2.x86_64-x86_64-with-glibc2.35', 'event': 'loaded'}
2025-11-06 08:34:29 INFO     gensim.utils: loading KeyedVectors object from /vast/edk202/NLP_models/Google_Books/20200217/eng/5gram_files/models_test/w2v_y2019_wbnone_vs300_w004_mc001_sg1_e025.kv
2025-11-06 08:34:29 INFO     gensim.utils: KeyedVectors lifecycle event {'fname': '/vast/edk202/NLP_models/Google_Books/20200217/eng/5gram_files/models_test/w2v_y2019_wbnone_vs300_w004_mc001_sg1_e025.kv', 'datetime': '2025-11-06T08:34:29.253538', 'gensim': '4.3.3', 'python': '3.11.14 | packaged by conda-forge | (main, Oct 22 2025, 22:46:25) [GCC 14.3.0]', 'platform': 'Linux-5.14.0-284.86.1.el9_2.x86_64-x86_64-with-glibc2.35', 'event': 'loaded'}
2025-11-06 08:43:54 INFO     gensim.models.word2vec: Shared corpus file created: /state/partition1/job-1631467/w2v_corpus_y2019_wbnone_86gwnhud.txt
