2025-11-06 07:38:07 INFO     root: Logging initialized: /scratch/edk202/ngram-prep/logs/training_workflow/training_workflow_20251106_073807.log
2025-11-06 07:38:07 INFO     root: ================================================================================
2025-11-06 07:38:07 INFO     root: Workflow: training_workflow
2025-11-06 07:38:07 INFO     root: Started: 2025-11-06 07:38:07
2025-11-06 07:38:07 INFO     root: Log file: /scratch/edk202/ngram-prep/logs/training_workflow/training_workflow_20251106_073807.log
2025-11-06 07:38:07 INFO     root: ================================================================================
2025-11-06 07:38:07 INFO     gensim.utils: loading KeyedVectors object from /vast/edk202/NLP_models/Google_Books/20200217/eng/5gram_files/models_test/w2v_y2019_wbnone_vs100_w004_mc001_sg0_e010.kv
2025-11-06 07:38:07 INFO     gensim.utils: KeyedVectors lifecycle event {'fname': '/vast/edk202/NLP_models/Google_Books/20200217/eng/5gram_files/models_test/w2v_y2019_wbnone_vs100_w004_mc001_sg0_e010.kv', 'datetime': '2025-11-06T07:38:07.180839', 'gensim': '4.3.3', 'python': '3.11.14 | packaged by conda-forge | (main, Oct 22 2025, 22:46:25) [GCC 14.3.0]', 'platform': 'Linux-5.14.0-284.86.1.el9_2.x86_64-x86_64-with-glibc2.35', 'event': 'loaded'}
2025-11-06 07:38:07 INFO     gensim.utils: loading KeyedVectors object from /vast/edk202/NLP_models/Google_Books/20200217/eng/5gram_files/models_test/w2v_y2019_wbnone_vs100_w004_mc001_sg0_e015.kv
2025-11-06 07:38:07 INFO     gensim.utils: KeyedVectors lifecycle event {'fname': '/vast/edk202/NLP_models/Google_Books/20200217/eng/5gram_files/models_test/w2v_y2019_wbnone_vs100_w004_mc001_sg0_e015.kv', 'datetime': '2025-11-06T07:38:07.190657', 'gensim': '4.3.3', 'python': '3.11.14 | packaged by conda-forge | (main, Oct 22 2025, 22:46:25) [GCC 14.3.0]', 'platform': 'Linux-5.14.0-284.86.1.el9_2.x86_64-x86_64-with-glibc2.35', 'event': 'loaded'}
2025-11-06 07:38:07 INFO     gensim.utils: loading KeyedVectors object from /vast/edk202/NLP_models/Google_Books/20200217/eng/5gram_files/models_test/w2v_y2019_wbnone_vs100_w004_mc001_sg0_e020.kv
2025-11-06 07:38:07 INFO     gensim.utils: KeyedVectors lifecycle event {'fname': '/vast/edk202/NLP_models/Google_Books/20200217/eng/5gram_files/models_test/w2v_y2019_wbnone_vs100_w004_mc001_sg0_e020.kv', 'datetime': '2025-11-06T07:38:07.199814', 'gensim': '4.3.3', 'python': '3.11.14 | packaged by conda-forge | (main, Oct 22 2025, 22:46:25) [GCC 14.3.0]', 'platform': 'Linux-5.14.0-284.86.1.el9_2.x86_64-x86_64-with-glibc2.35', 'event': 'loaded'}
2025-11-06 07:38:07 INFO     gensim.utils: loading KeyedVectors object from /vast/edk202/NLP_models/Google_Books/20200217/eng/5gram_files/models_test/w2v_y2019_wbnone_vs100_w004_mc001_sg0_e025.kv
2025-11-06 07:38:07 INFO     gensim.utils: KeyedVectors lifecycle event {'fname': '/vast/edk202/NLP_models/Google_Books/20200217/eng/5gram_files/models_test/w2v_y2019_wbnone_vs100_w004_mc001_sg0_e025.kv', 'datetime': '2025-11-06T07:38:07.208733', 'gensim': '4.3.3', 'python': '3.11.14 | packaged by conda-forge | (main, Oct 22 2025, 22:46:25) [GCC 14.3.0]', 'platform': 'Linux-5.14.0-284.86.1.el9_2.x86_64-x86_64-with-glibc2.35', 'event': 'loaded'}
2025-11-06 07:38:07 INFO     gensim.utils: loading KeyedVectors object from /vast/edk202/NLP_models/Google_Books/20200217/eng/5gram_files/models_test/w2v_y2019_wbnone_vs100_w004_mc001_sg1_e005.kv
2025-11-06 07:38:07 INFO     gensim.utils: KeyedVectors lifecycle event {'fname': '/vast/edk202/NLP_models/Google_Books/20200217/eng/5gram_files/models_test/w2v_y2019_wbnone_vs100_w004_mc001_sg1_e005.kv', 'datetime': '2025-11-06T07:38:07.211384', 'gensim': '4.3.3', 'python': '3.11.14 | packaged by conda-forge | (main, Oct 22 2025, 22:46:25) [GCC 14.3.0]', 'platform': 'Linux-5.14.0-284.86.1.el9_2.x86_64-x86_64-with-glibc2.35', 'event': 'loaded'}
2025-11-06 07:38:07 INFO     gensim.utils: loading KeyedVectors object from /vast/edk202/NLP_models/Google_Books/20200217/eng/5gram_files/models_test/w2v_y2019_wbnone_vs100_w004_mc001_sg1_e010.kv
2025-11-06 07:38:07 INFO     gensim.utils: KeyedVectors lifecycle event {'fname': '/vast/edk202/NLP_models/Google_Books/20200217/eng/5gram_files/models_test/w2v_y2019_wbnone_vs100_w004_mc001_sg1_e010.kv', 'datetime': '2025-11-06T07:38:07.217497', 'gensim': '4.3.3', 'python': '3.11.14 | packaged by conda-forge | (main, Oct 22 2025, 22:46:25) [GCC 14.3.0]', 'platform': 'Linux-5.14.0-284.86.1.el9_2.x86_64-x86_64-with-glibc2.35', 'event': 'loaded'}
2025-11-06 07:38:07 INFO     gensim.utils: loading KeyedVectors object from /vast/edk202/NLP_models/Google_Books/20200217/eng/5gram_files/models_test/w2v_y2019_wbnone_vs100_w004_mc001_sg1_e015.kv
2025-11-06 07:38:07 INFO     gensim.utils: KeyedVectors lifecycle event {'fname': '/vast/edk202/NLP_models/Google_Books/20200217/eng/5gram_files/models_test/w2v_y2019_wbnone_vs100_w004_mc001_sg1_e015.kv', 'datetime': '2025-11-06T07:38:07.220111', 'gensim': '4.3.3', 'python': '3.11.14 | packaged by conda-forge | (main, Oct 22 2025, 22:46:25) [GCC 14.3.0]', 'platform': 'Linux-5.14.0-284.86.1.el9_2.x86_64-x86_64-with-glibc2.35', 'event': 'loaded'}
2025-11-06 07:38:07 INFO     gensim.utils: loading KeyedVectors object from /vast/edk202/NLP_models/Google_Books/20200217/eng/5gram_files/models_test/w2v_y2019_wbnone_vs100_w004_mc001_sg1_e020.kv
2025-11-06 07:38:07 INFO     gensim.utils: KeyedVectors lifecycle event {'fname': '/vast/edk202/NLP_models/Google_Books/20200217/eng/5gram_files/models_test/w2v_y2019_wbnone_vs100_w004_mc001_sg1_e020.kv', 'datetime': '2025-11-06T07:38:07.222725', 'gensim': '4.3.3', 'python': '3.11.14 | packaged by conda-forge | (main, Oct 22 2025, 22:46:25) [GCC 14.3.0]', 'platform': 'Linux-5.14.0-284.86.1.el9_2.x86_64-x86_64-with-glibc2.35', 'event': 'loaded'}
2025-11-06 07:38:07 INFO     gensim.utils: loading KeyedVectors object from /vast/edk202/NLP_models/Google_Books/20200217/eng/5gram_files/models_test/w2v_y2019_wbnone_vs100_w004_mc001_sg1_e025.kv
2025-11-06 07:38:07 INFO     gensim.utils: KeyedVectors lifecycle event {'fname': '/vast/edk202/NLP_models/Google_Books/20200217/eng/5gram_files/models_test/w2v_y2019_wbnone_vs100_w004_mc001_sg1_e025.kv', 'datetime': '2025-11-06T07:38:07.225399', 'gensim': '4.3.3', 'python': '3.11.14 | packaged by conda-forge | (main, Oct 22 2025, 22:46:25) [GCC 14.3.0]', 'platform': 'Linux-5.14.0-284.86.1.el9_2.x86_64-x86_64-with-glibc2.35', 'event': 'loaded'}
2025-11-06 07:38:07 INFO     gensim.utils: loading KeyedVectors object from /vast/edk202/NLP_models/Google_Books/20200217/eng/5gram_files/models_test/w2v_y2019_wbnone_vs200_w004_mc001_sg0_e010.kv
2025-11-06 07:38:07 INFO     gensim.utils: KeyedVectors lifecycle event {'fname': '/vast/edk202/NLP_models/Google_Books/20200217/eng/5gram_files/models_test/w2v_y2019_wbnone_vs200_w004_mc001_sg0_e010.kv', 'datetime': '2025-11-06T07:38:07.229518', 'gensim': '4.3.3', 'python': '3.11.14 | packaged by conda-forge | (main, Oct 22 2025, 22:46:25) [GCC 14.3.0]', 'platform': 'Linux-5.14.0-284.86.1.el9_2.x86_64-x86_64-with-glibc2.35', 'event': 'loaded'}
2025-11-06 07:38:07 INFO     gensim.utils: loading KeyedVectors object from /vast/edk202/NLP_models/Google_Books/20200217/eng/5gram_files/models_test/w2v_y2019_wbnone_vs200_w004_mc001_sg0_e015.kv
2025-11-06 07:38:07 INFO     gensim.utils: KeyedVectors lifecycle event {'fname': '/vast/edk202/NLP_models/Google_Books/20200217/eng/5gram_files/models_test/w2v_y2019_wbnone_vs200_w004_mc001_sg0_e015.kv', 'datetime': '2025-11-06T07:38:07.232539', 'gensim': '4.3.3', 'python': '3.11.14 | packaged by conda-forge | (main, Oct 22 2025, 22:46:25) [GCC 14.3.0]', 'platform': 'Linux-5.14.0-284.86.1.el9_2.x86_64-x86_64-with-glibc2.35', 'event': 'loaded'}
2025-11-06 07:38:07 INFO     gensim.utils: loading KeyedVectors object from /vast/edk202/NLP_models/Google_Books/20200217/eng/5gram_files/models_test/w2v_y2019_wbnone_vs200_w004_mc001_sg0_e020.kv
2025-11-06 07:38:07 INFO     gensim.utils: KeyedVectors lifecycle event {'fname': '/vast/edk202/NLP_models/Google_Books/20200217/eng/5gram_files/models_test/w2v_y2019_wbnone_vs200_w004_mc001_sg0_e020.kv', 'datetime': '2025-11-06T07:38:07.235649', 'gensim': '4.3.3', 'python': '3.11.14 | packaged by conda-forge | (main, Oct 22 2025, 22:46:25) [GCC 14.3.0]', 'platform': 'Linux-5.14.0-284.86.1.el9_2.x86_64-x86_64-with-glibc2.35', 'event': 'loaded'}
2025-11-06 07:38:07 INFO     gensim.utils: loading KeyedVectors object from /vast/edk202/NLP_models/Google_Books/20200217/eng/5gram_files/models_test/w2v_y2019_wbnone_vs200_w004_mc001_sg0_e025.kv
2025-11-06 07:38:07 INFO     gensim.utils: KeyedVectors lifecycle event {'fname': '/vast/edk202/NLP_models/Google_Books/20200217/eng/5gram_files/models_test/w2v_y2019_wbnone_vs200_w004_mc001_sg0_e025.kv', 'datetime': '2025-11-06T07:38:07.238737', 'gensim': '4.3.3', 'python': '3.11.14 | packaged by conda-forge | (main, Oct 22 2025, 22:46:25) [GCC 14.3.0]', 'platform': 'Linux-5.14.0-284.86.1.el9_2.x86_64-x86_64-with-glibc2.35', 'event': 'loaded'}
2025-11-06 07:38:07 INFO     gensim.utils: loading KeyedVectors object from /vast/edk202/NLP_models/Google_Books/20200217/eng/5gram_files/models_test/w2v_y2019_wbnone_vs200_w004_mc001_sg1_e005.kv
2025-11-06 07:38:07 INFO     gensim.utils: KeyedVectors lifecycle event {'fname': '/vast/edk202/NLP_models/Google_Books/20200217/eng/5gram_files/models_test/w2v_y2019_wbnone_vs200_w004_mc001_sg1_e005.kv', 'datetime': '2025-11-06T07:38:07.243260', 'gensim': '4.3.3', 'python': '3.11.14 | packaged by conda-forge | (main, Oct 22 2025, 22:46:25) [GCC 14.3.0]', 'platform': 'Linux-5.14.0-284.86.1.el9_2.x86_64-x86_64-with-glibc2.35', 'event': 'loaded'}
2025-11-06 07:38:07 INFO     gensim.utils: loading KeyedVectors object from /vast/edk202/NLP_models/Google_Books/20200217/eng/5gram_files/models_test/w2v_y2019_wbnone_vs200_w004_mc001_sg1_e010.kv
2025-11-06 07:38:07 INFO     gensim.utils: KeyedVectors lifecycle event {'fname': '/vast/edk202/NLP_models/Google_Books/20200217/eng/5gram_files/models_test/w2v_y2019_wbnone_vs200_w004_mc001_sg1_e010.kv', 'datetime': '2025-11-06T07:38:07.246492', 'gensim': '4.3.3', 'python': '3.11.14 | packaged by conda-forge | (main, Oct 22 2025, 22:46:25) [GCC 14.3.0]', 'platform': 'Linux-5.14.0-284.86.1.el9_2.x86_64-x86_64-with-glibc2.35', 'event': 'loaded'}
2025-11-06 07:38:07 INFO     gensim.utils: loading KeyedVectors object from /vast/edk202/NLP_models/Google_Books/20200217/eng/5gram_files/models_test/w2v_y2019_wbnone_vs200_w004_mc001_sg1_e015.kv
2025-11-06 07:38:07 INFO     gensim.utils: KeyedVectors lifecycle event {'fname': '/vast/edk202/NLP_models/Google_Books/20200217/eng/5gram_files/models_test/w2v_y2019_wbnone_vs200_w004_mc001_sg1_e015.kv', 'datetime': '2025-11-06T07:38:07.249703', 'gensim': '4.3.3', 'python': '3.11.14 | packaged by conda-forge | (main, Oct 22 2025, 22:46:25) [GCC 14.3.0]', 'platform': 'Linux-5.14.0-284.86.1.el9_2.x86_64-x86_64-with-glibc2.35', 'event': 'loaded'}
2025-11-06 07:38:07 INFO     gensim.utils: loading KeyedVectors object from /vast/edk202/NLP_models/Google_Books/20200217/eng/5gram_files/models_test/w2v_y2019_wbnone_vs200_w004_mc001_sg1_e020.kv
2025-11-06 07:38:07 INFO     gensim.utils: KeyedVectors lifecycle event {'fname': '/vast/edk202/NLP_models/Google_Books/20200217/eng/5gram_files/models_test/w2v_y2019_wbnone_vs200_w004_mc001_sg1_e020.kv', 'datetime': '2025-11-06T07:38:07.253782', 'gensim': '4.3.3', 'python': '3.11.14 | packaged by conda-forge | (main, Oct 22 2025, 22:46:25) [GCC 14.3.0]', 'platform': 'Linux-5.14.0-284.86.1.el9_2.x86_64-x86_64-with-glibc2.35', 'event': 'loaded'}
2025-11-06 07:38:07 INFO     gensim.utils: loading KeyedVectors object from /vast/edk202/NLP_models/Google_Books/20200217/eng/5gram_files/models_test/w2v_y2019_wbnone_vs200_w004_mc001_sg1_e025.kv
2025-11-06 07:38:07 INFO     gensim.utils: KeyedVectors lifecycle event {'fname': '/vast/edk202/NLP_models/Google_Books/20200217/eng/5gram_files/models_test/w2v_y2019_wbnone_vs200_w004_mc001_sg1_e025.kv', 'datetime': '2025-11-06T07:38:07.256880', 'gensim': '4.3.3', 'python': '3.11.14 | packaged by conda-forge | (main, Oct 22 2025, 22:46:25) [GCC 14.3.0]', 'platform': 'Linux-5.14.0-284.86.1.el9_2.x86_64-x86_64-with-glibc2.35', 'event': 'loaded'}
2025-11-06 07:38:07 INFO     gensim.utils: loading KeyedVectors object from /vast/edk202/NLP_models/Google_Books/20200217/eng/5gram_files/models_test/w2v_y2019_wbnone_vs300_w004_mc001_sg1_e005.kv
2025-11-06 07:38:07 INFO     gensim.utils: KeyedVectors lifecycle event {'fname': '/vast/edk202/NLP_models/Google_Books/20200217/eng/5gram_files/models_test/w2v_y2019_wbnone_vs300_w004_mc001_sg1_e005.kv', 'datetime': '2025-11-06T07:38:07.261685', 'gensim': '4.3.3', 'python': '3.11.14 | packaged by conda-forge | (main, Oct 22 2025, 22:46:25) [GCC 14.3.0]', 'platform': 'Linux-5.14.0-284.86.1.el9_2.x86_64-x86_64-with-glibc2.35', 'event': 'loaded'}
2025-11-06 07:38:07 INFO     gensim.utils: loading KeyedVectors object from /vast/edk202/NLP_models/Google_Books/20200217/eng/5gram_files/models_test/w2v_y2019_wbnone_vs300_w004_mc001_sg1_e010.kv
2025-11-06 07:38:07 INFO     gensim.utils: KeyedVectors lifecycle event {'fname': '/vast/edk202/NLP_models/Google_Books/20200217/eng/5gram_files/models_test/w2v_y2019_wbnone_vs300_w004_mc001_sg1_e010.kv', 'datetime': '2025-11-06T07:38:07.265431', 'gensim': '4.3.3', 'python': '3.11.14 | packaged by conda-forge | (main, Oct 22 2025, 22:46:25) [GCC 14.3.0]', 'platform': 'Linux-5.14.0-284.86.1.el9_2.x86_64-x86_64-with-glibc2.35', 'event': 'loaded'}
2025-11-06 07:38:07 INFO     gensim.utils: loading KeyedVectors object from /vast/edk202/NLP_models/Google_Books/20200217/eng/5gram_files/models_test/w2v_y2019_wbnone_vs300_w004_mc001_sg1_e015.kv
2025-11-06 07:38:07 INFO     gensim.utils: KeyedVectors lifecycle event {'fname': '/vast/edk202/NLP_models/Google_Books/20200217/eng/5gram_files/models_test/w2v_y2019_wbnone_vs300_w004_mc001_sg1_e015.kv', 'datetime': '2025-11-06T07:38:07.269086', 'gensim': '4.3.3', 'python': '3.11.14 | packaged by conda-forge | (main, Oct 22 2025, 22:46:25) [GCC 14.3.0]', 'platform': 'Linux-5.14.0-284.86.1.el9_2.x86_64-x86_64-with-glibc2.35', 'event': 'loaded'}
2025-11-06 07:38:07 INFO     gensim.utils: loading KeyedVectors object from /vast/edk202/NLP_models/Google_Books/20200217/eng/5gram_files/models_test/w2v_y2019_wbnone_vs300_w004_mc001_sg1_e020.kv
2025-11-06 07:38:07 INFO     gensim.utils: KeyedVectors lifecycle event {'fname': '/vast/edk202/NLP_models/Google_Books/20200217/eng/5gram_files/models_test/w2v_y2019_wbnone_vs300_w004_mc001_sg1_e020.kv', 'datetime': '2025-11-06T07:38:07.272810', 'gensim': '4.3.3', 'python': '3.11.14 | packaged by conda-forge | (main, Oct 22 2025, 22:46:25) [GCC 14.3.0]', 'platform': 'Linux-5.14.0-284.86.1.el9_2.x86_64-x86_64-with-glibc2.35', 'event': 'loaded'}
2025-11-06 07:38:07 INFO     gensim.utils: loading KeyedVectors object from /vast/edk202/NLP_models/Google_Books/20200217/eng/5gram_files/models_test/w2v_y2019_wbnone_vs300_w004_mc001_sg1_e025.kv
2025-11-06 07:38:07 INFO     gensim.utils: KeyedVectors lifecycle event {'fname': '/vast/edk202/NLP_models/Google_Books/20200217/eng/5gram_files/models_test/w2v_y2019_wbnone_vs300_w004_mc001_sg1_e025.kv', 'datetime': '2025-11-06T07:38:07.277347', 'gensim': '4.3.3', 'python': '3.11.14 | packaged by conda-forge | (main, Oct 22 2025, 22:46:25) [GCC 14.3.0]', 'platform': 'Linux-5.14.0-284.86.1.el9_2.x86_64-x86_64-with-glibc2.35', 'event': 'loaded'}
2025-11-06 07:47:38 INFO     gensim.models.word2vec: Shared corpus file created: /state/partition1/job-1631467/w2v_corpus_y2019_wbnone_led9q2aw.txt
