2025-11-06 13:19:47 INFO     root: Logging initialized: /scratch/edk202/ngram-prep/logs/training_workflow/training_workflow_20251106_131947.log
2025-11-06 13:19:47 INFO     root: ================================================================================
2025-11-06 13:19:47 INFO     root: Workflow: training_workflow
2025-11-06 13:19:47 INFO     root: Started: 2025-11-06 13:19:47
2025-11-06 13:19:47 INFO     root: Log file: /scratch/edk202/ngram-prep/logs/training_workflow/training_workflow_20251106_131947.log
2025-11-06 13:19:47 INFO     root: ================================================================================
2025-11-06 13:24:15 INFO     gensim.models.word2vec: Shared corpus file created: /state/partition1/job-1631467/w2v_corpus_y1945_wbnone_uoq56l9w.txt
2025-11-06 13:24:24 INFO     gensim.models.word2vec: Shared corpus file created: /state/partition1/job-1631467/w2v_corpus_y1940_wbnone_ub5blt35.txt
2025-11-06 13:24:28 INFO     gensim.models.word2vec: Shared corpus file created: /state/partition1/job-1631467/w2v_corpus_y1935_wbnone_ic2g3asw.txt
2025-11-06 13:24:35 INFO     gensim.models.word2vec: Shared corpus file created: /state/partition1/job-1631467/w2v_corpus_y1925_wbnone_ppqy5tse.txt
2025-11-06 13:24:38 INFO     gensim.models.word2vec: Shared corpus file created: /state/partition1/job-1631467/w2v_corpus_y1930_wbnone_yfrta_1i.txt
2025-11-06 13:24:46 INFO     gensim.models.word2vec: Shared corpus file created: /state/partition1/job-1631467/w2v_corpus_y1905_wbnone__zsptrj0.txt
2025-11-06 13:24:46 INFO     gensim.models.word2vec: Shared corpus file created: /state/partition1/job-1631467/w2v_corpus_y1915_wbnone_d4thnljq.txt
2025-11-06 13:24:59 INFO     gensim.models.word2vec: Shared corpus file created: /state/partition1/job-1631467/w2v_corpus_y1920_wbnone_svh0aif9.txt
2025-11-06 13:25:02 INFO     gensim.models.word2vec: Shared corpus file created: /state/partition1/job-1631467/w2v_corpus_y1900_wbnone_p_puo2wt.txt
2025-11-06 13:25:20 INFO     gensim.models.word2vec: Shared corpus file created: /state/partition1/job-1631467/w2v_corpus_y1910_wbnone_9738fcqy.txt
2025-11-06 13:25:40 INFO     gensim.models.word2vec: Shared corpus file created: /state/partition1/job-1631467/w2v_corpus_y1950_wbnone_z4_yxz18.txt
2025-11-06 13:25:43 INFO     gensim.models.word2vec: Shared corpus file created: /state/partition1/job-1631467/w2v_corpus_y1955_wbnone_xjqln75k.txt
2025-11-06 13:26:24 INFO     gensim.models.word2vec: Shared corpus file created: /state/partition1/job-1631467/w2v_corpus_y1960_wbnone_okch4m91.txt
2025-11-06 13:27:23 INFO     gensim.models.word2vec: Shared corpus file created: /state/partition1/job-1631467/w2v_corpus_y1965_wbnone_h05e_a15.txt
2025-11-06 13:27:59 INFO     gensim.models.word2vec: Shared corpus file created: /state/partition1/job-1631467/w2v_corpus_y1975_wbnone_baophecb.txt
2025-11-06 13:28:10 INFO     gensim.models.word2vec: Shared corpus file created: /state/partition1/job-1631467/w2v_corpus_y1970_wbnone_rro_zpic.txt
2025-11-06 13:28:39 INFO     gensim.models.word2vec: Shared corpus file created: /state/partition1/job-1631467/w2v_corpus_y1980_wbnone_gkn7_0jd.txt
2025-11-06 13:28:46 INFO     gensim.models.word2vec: Shared corpus file created: /state/partition1/job-1631467/w2v_corpus_y1985_wbnone__1yy4vuh.txt
2025-11-06 13:29:36 INFO     gensim.models.word2vec: Shared corpus file created: /state/partition1/job-1631467/w2v_corpus_y1990_wbnone_tibbw_m_.txt
2025-11-06 13:29:51 INFO     gensim.models.word2vec: Shared corpus file created: /state/partition1/job-1631467/w2v_corpus_y1995_wbnone_f18nwt59.txt
2025-11-06 13:30:09 INFO     gensim.models.word2vec: Shared corpus file created: /state/partition1/job-1631467/w2v_corpus_y2015_wbnone_pn3v18og.txt
2025-11-06 13:30:34 INFO     gensim.models.word2vec: Shared corpus file created: /state/partition1/job-1631467/w2v_corpus_y2000_wbnone_qe82_bn0.txt
2025-11-06 13:30:35 INFO     gensim.models.word2vec: Shared corpus file created: /state/partition1/job-1631467/w2v_corpus_y2010_wbnone_v_5vc18s.txt
2025-11-06 13:30:43 INFO     gensim.models.word2vec: Shared corpus file created: /state/partition1/job-1631467/w2v_corpus_y2005_wbnone_z5jth_v2.txt
