2025-11-06 13:03:11 INFO     root: Logging initialized: /scratch/edk202/ngram-prep/logs/training_workflow/training_workflow_20251106_130311.log
2025-11-06 13:03:11 INFO     root: ================================================================================
2025-11-06 13:03:11 INFO     root: Workflow: training_workflow
2025-11-06 13:03:11 INFO     root: Started: 2025-11-06 13:03:11
2025-11-06 13:03:11 INFO     root: Log file: /scratch/edk202/ngram-prep/logs/training_workflow/training_workflow_20251106_130311.log
2025-11-06 13:03:11 INFO     root: ================================================================================
2025-11-06 13:03:11 INFO     gensim.utils: loading KeyedVectors object from /vast/edk202/NLP_models/Google_Books/20200217/eng/5gram_files/models_test/w2v_y2019_wbnone_vs100_w004_mc001_sg0_e005.kv
2025-11-06 13:03:11 INFO     gensim.utils: KeyedVectors lifecycle event {'fname': '/vast/edk202/NLP_models/Google_Books/20200217/eng/5gram_files/models_test/w2v_y2019_wbnone_vs100_w004_mc001_sg0_e005.kv', 'datetime': '2025-11-06T13:03:11.641830', 'gensim': '4.3.3', 'python': '3.11.14 | packaged by conda-forge | (main, Oct 22 2025, 22:46:25) [GCC 14.3.0]', 'platform': 'Linux-5.14.0-284.86.1.el9_2.x86_64-x86_64-with-glibc2.35', 'event': 'loaded'}
2025-11-06 13:03:11 INFO     gensim.utils: loading KeyedVectors object from /vast/edk202/NLP_models/Google_Books/20200217/eng/5gram_files/models_test/w2v_y2019_wbnone_vs100_w004_mc001_sg0_e010.kv
2025-11-06 13:03:11 INFO     gensim.utils: KeyedVectors lifecycle event {'fname': '/vast/edk202/NLP_models/Google_Books/20200217/eng/5gram_files/models_test/w2v_y2019_wbnone_vs100_w004_mc001_sg0_e010.kv', 'datetime': '2025-11-06T13:03:11.650743', 'gensim': '4.3.3', 'python': '3.11.14 | packaged by conda-forge | (main, Oct 22 2025, 22:46:25) [GCC 14.3.0]', 'platform': 'Linux-5.14.0-284.86.1.el9_2.x86_64-x86_64-with-glibc2.35', 'event': 'loaded'}
2025-11-06 13:03:11 INFO     gensim.utils: loading KeyedVectors object from /vast/edk202/NLP_models/Google_Books/20200217/eng/5gram_files/models_test/w2v_y2019_wbnone_vs100_w004_mc001_sg0_e015.kv
2025-11-06 13:03:11 INFO     gensim.utils: KeyedVectors lifecycle event {'fname': '/vast/edk202/NLP_models/Google_Books/20200217/eng/5gram_files/models_test/w2v_y2019_wbnone_vs100_w004_mc001_sg0_e015.kv', 'datetime': '2025-11-06T13:03:11.659912', 'gensim': '4.3.3', 'python': '3.11.14 | packaged by conda-forge | (main, Oct 22 2025, 22:46:25) [GCC 14.3.0]', 'platform': 'Linux-5.14.0-284.86.1.el9_2.x86_64-x86_64-with-glibc2.35', 'event': 'loaded'}
2025-11-06 13:03:11 INFO     gensim.utils: loading KeyedVectors object from /vast/edk202/NLP_models/Google_Books/20200217/eng/5gram_files/models_test/w2v_y2019_wbnone_vs100_w004_mc001_sg0_e020.kv
2025-11-06 13:03:11 INFO     gensim.utils: KeyedVectors lifecycle event {'fname': '/vast/edk202/NLP_models/Google_Books/20200217/eng/5gram_files/models_test/w2v_y2019_wbnone_vs100_w004_mc001_sg0_e020.kv', 'datetime': '2025-11-06T13:03:11.669569', 'gensim': '4.3.3', 'python': '3.11.14 | packaged by conda-forge | (main, Oct 22 2025, 22:46:25) [GCC 14.3.0]', 'platform': 'Linux-5.14.0-284.86.1.el9_2.x86_64-x86_64-with-glibc2.35', 'event': 'loaded'}
2025-11-06 13:03:11 INFO     gensim.utils: loading KeyedVectors object from /vast/edk202/NLP_models/Google_Books/20200217/eng/5gram_files/models_test/w2v_y2019_wbnone_vs100_w004_mc001_sg0_e025.kv
2025-11-06 13:03:11 INFO     gensim.utils: KeyedVectors lifecycle event {'fname': '/vast/edk202/NLP_models/Google_Books/20200217/eng/5gram_files/models_test/w2v_y2019_wbnone_vs100_w004_mc001_sg0_e025.kv', 'datetime': '2025-11-06T13:03:11.678581', 'gensim': '4.3.3', 'python': '3.11.14 | packaged by conda-forge | (main, Oct 22 2025, 22:46:25) [GCC 14.3.0]', 'platform': 'Linux-5.14.0-284.86.1.el9_2.x86_64-x86_64-with-glibc2.35', 'event': 'loaded'}
2025-11-06 13:03:11 INFO     gensim.utils: loading KeyedVectors object from /vast/edk202/NLP_models/Google_Books/20200217/eng/5gram_files/models_test/w2v_y2019_wbnone_vs100_w004_mc001_sg1_e005.kv
2025-11-06 13:03:11 INFO     gensim.utils: KeyedVectors lifecycle event {'fname': '/vast/edk202/NLP_models/Google_Books/20200217/eng/5gram_files/models_test/w2v_y2019_wbnone_vs100_w004_mc001_sg1_e005.kv', 'datetime': '2025-11-06T13:03:11.684554', 'gensim': '4.3.3', 'python': '3.11.14 | packaged by conda-forge | (main, Oct 22 2025, 22:46:25) [GCC 14.3.0]', 'platform': 'Linux-5.14.0-284.86.1.el9_2.x86_64-x86_64-with-glibc2.35', 'event': 'loaded'}
2025-11-06 13:03:11 INFO     gensim.utils: loading KeyedVectors object from /vast/edk202/NLP_models/Google_Books/20200217/eng/5gram_files/models_test/w2v_y2019_wbnone_vs100_w004_mc001_sg1_e010.kv
2025-11-06 13:03:11 INFO     gensim.utils: KeyedVectors lifecycle event {'fname': '/vast/edk202/NLP_models/Google_Books/20200217/eng/5gram_files/models_test/w2v_y2019_wbnone_vs100_w004_mc001_sg1_e010.kv', 'datetime': '2025-11-06T13:03:11.687098', 'gensim': '4.3.3', 'python': '3.11.14 | packaged by conda-forge | (main, Oct 22 2025, 22:46:25) [GCC 14.3.0]', 'platform': 'Linux-5.14.0-284.86.1.el9_2.x86_64-x86_64-with-glibc2.35', 'event': 'loaded'}
2025-11-06 13:03:11 INFO     gensim.utils: loading KeyedVectors object from /vast/edk202/NLP_models/Google_Books/20200217/eng/5gram_files/models_test/w2v_y2019_wbnone_vs100_w004_mc001_sg1_e015.kv
2025-11-06 13:03:11 INFO     gensim.utils: KeyedVectors lifecycle event {'fname': '/vast/edk202/NLP_models/Google_Books/20200217/eng/5gram_files/models_test/w2v_y2019_wbnone_vs100_w004_mc001_sg1_e015.kv', 'datetime': '2025-11-06T13:03:11.689711', 'gensim': '4.3.3', 'python': '3.11.14 | packaged by conda-forge | (main, Oct 22 2025, 22:46:25) [GCC 14.3.0]', 'platform': 'Linux-5.14.0-284.86.1.el9_2.x86_64-x86_64-with-glibc2.35', 'event': 'loaded'}
2025-11-06 13:03:11 INFO     gensim.utils: loading KeyedVectors object from /vast/edk202/NLP_models/Google_Books/20200217/eng/5gram_files/models_test/w2v_y2019_wbnone_vs100_w004_mc001_sg1_e020.kv
2025-11-06 13:03:11 INFO     gensim.utils: KeyedVectors lifecycle event {'fname': '/vast/edk202/NLP_models/Google_Books/20200217/eng/5gram_files/models_test/w2v_y2019_wbnone_vs100_w004_mc001_sg1_e020.kv', 'datetime': '2025-11-06T13:03:11.692260', 'gensim': '4.3.3', 'python': '3.11.14 | packaged by conda-forge | (main, Oct 22 2025, 22:46:25) [GCC 14.3.0]', 'platform': 'Linux-5.14.0-284.86.1.el9_2.x86_64-x86_64-with-glibc2.35', 'event': 'loaded'}
2025-11-06 13:03:11 INFO     gensim.utils: loading KeyedVectors object from /vast/edk202/NLP_models/Google_Books/20200217/eng/5gram_files/models_test/w2v_y2019_wbnone_vs100_w004_mc001_sg1_e025.kv
2025-11-06 13:03:11 INFO     gensim.utils: KeyedVectors lifecycle event {'fname': '/vast/edk202/NLP_models/Google_Books/20200217/eng/5gram_files/models_test/w2v_y2019_wbnone_vs100_w004_mc001_sg1_e025.kv', 'datetime': '2025-11-06T13:03:11.695070', 'gensim': '4.3.3', 'python': '3.11.14 | packaged by conda-forge | (main, Oct 22 2025, 22:46:25) [GCC 14.3.0]', 'platform': 'Linux-5.14.0-284.86.1.el9_2.x86_64-x86_64-with-glibc2.35', 'event': 'loaded'}
2025-11-06 13:03:11 INFO     gensim.utils: loading KeyedVectors object from /vast/edk202/NLP_models/Google_Books/20200217/eng/5gram_files/models_test/w2v_y2019_wbnone_vs200_w004_mc001_sg0_e005.kv
2025-11-06 13:03:11 INFO     gensim.utils: KeyedVectors lifecycle event {'fname': '/vast/edk202/NLP_models/Google_Books/20200217/eng/5gram_files/models_test/w2v_y2019_wbnone_vs200_w004_mc001_sg0_e005.kv', 'datetime': '2025-11-06T13:03:11.699038', 'gensim': '4.3.3', 'python': '3.11.14 | packaged by conda-forge | (main, Oct 22 2025, 22:46:25) [GCC 14.3.0]', 'platform': 'Linux-5.14.0-284.86.1.el9_2.x86_64-x86_64-with-glibc2.35', 'event': 'loaded'}
2025-11-06 13:03:11 INFO     gensim.utils: loading KeyedVectors object from /vast/edk202/NLP_models/Google_Books/20200217/eng/5gram_files/models_test/w2v_y2019_wbnone_vs200_w004_mc001_sg0_e010.kv
2025-11-06 13:03:11 INFO     gensim.utils: KeyedVectors lifecycle event {'fname': '/vast/edk202/NLP_models/Google_Books/20200217/eng/5gram_files/models_test/w2v_y2019_wbnone_vs200_w004_mc001_sg0_e010.kv', 'datetime': '2025-11-06T13:03:11.701981', 'gensim': '4.3.3', 'python': '3.11.14 | packaged by conda-forge | (main, Oct 22 2025, 22:46:25) [GCC 14.3.0]', 'platform': 'Linux-5.14.0-284.86.1.el9_2.x86_64-x86_64-with-glibc2.35', 'event': 'loaded'}
2025-11-06 13:03:11 INFO     gensim.utils: loading KeyedVectors object from /vast/edk202/NLP_models/Google_Books/20200217/eng/5gram_files/models_test/w2v_y2019_wbnone_vs200_w004_mc001_sg0_e015.kv
2025-11-06 13:03:11 INFO     gensim.utils: KeyedVectors lifecycle event {'fname': '/vast/edk202/NLP_models/Google_Books/20200217/eng/5gram_files/models_test/w2v_y2019_wbnone_vs200_w004_mc001_sg0_e015.kv', 'datetime': '2025-11-06T13:03:11.704935', 'gensim': '4.3.3', 'python': '3.11.14 | packaged by conda-forge | (main, Oct 22 2025, 22:46:25) [GCC 14.3.0]', 'platform': 'Linux-5.14.0-284.86.1.el9_2.x86_64-x86_64-with-glibc2.35', 'event': 'loaded'}
2025-11-06 13:03:11 INFO     gensim.utils: loading KeyedVectors object from /vast/edk202/NLP_models/Google_Books/20200217/eng/5gram_files/models_test/w2v_y2019_wbnone_vs200_w004_mc001_sg0_e020.kv
2025-11-06 13:03:11 INFO     gensim.utils: KeyedVectors lifecycle event {'fname': '/vast/edk202/NLP_models/Google_Books/20200217/eng/5gram_files/models_test/w2v_y2019_wbnone_vs200_w004_mc001_sg0_e020.kv', 'datetime': '2025-11-06T13:03:11.708079', 'gensim': '4.3.3', 'python': '3.11.14 | packaged by conda-forge | (main, Oct 22 2025, 22:46:25) [GCC 14.3.0]', 'platform': 'Linux-5.14.0-284.86.1.el9_2.x86_64-x86_64-with-glibc2.35', 'event': 'loaded'}
2025-11-06 13:03:11 INFO     gensim.utils: loading KeyedVectors object from /vast/edk202/NLP_models/Google_Books/20200217/eng/5gram_files/models_test/w2v_y2019_wbnone_vs200_w004_mc001_sg0_e025.kv
2025-11-06 13:03:11 INFO     gensim.utils: KeyedVectors lifecycle event {'fname': '/vast/edk202/NLP_models/Google_Books/20200217/eng/5gram_files/models_test/w2v_y2019_wbnone_vs200_w004_mc001_sg0_e025.kv', 'datetime': '2025-11-06T13:03:11.711256', 'gensim': '4.3.3', 'python': '3.11.14 | packaged by conda-forge | (main, Oct 22 2025, 22:46:25) [GCC 14.3.0]', 'platform': 'Linux-5.14.0-284.86.1.el9_2.x86_64-x86_64-with-glibc2.35', 'event': 'loaded'}
2025-11-06 13:03:11 INFO     gensim.utils: loading KeyedVectors object from /vast/edk202/NLP_models/Google_Books/20200217/eng/5gram_files/models_test/w2v_y2019_wbnone_vs200_w004_mc001_sg1_e005.kv
2025-11-06 13:03:11 INFO     gensim.utils: KeyedVectors lifecycle event {'fname': '/vast/edk202/NLP_models/Google_Books/20200217/eng/5gram_files/models_test/w2v_y2019_wbnone_vs200_w004_mc001_sg1_e005.kv', 'datetime': '2025-11-06T13:03:11.714193', 'gensim': '4.3.3', 'python': '3.11.14 | packaged by conda-forge | (main, Oct 22 2025, 22:46:25) [GCC 14.3.0]', 'platform': 'Linux-5.14.0-284.86.1.el9_2.x86_64-x86_64-with-glibc2.35', 'event': 'loaded'}
2025-11-06 13:03:11 INFO     gensim.utils: loading KeyedVectors object from /vast/edk202/NLP_models/Google_Books/20200217/eng/5gram_files/models_test/w2v_y2019_wbnone_vs200_w004_mc001_sg1_e010.kv
2025-11-06 13:03:11 INFO     gensim.utils: KeyedVectors lifecycle event {'fname': '/vast/edk202/NLP_models/Google_Books/20200217/eng/5gram_files/models_test/w2v_y2019_wbnone_vs200_w004_mc001_sg1_e010.kv', 'datetime': '2025-11-06T13:03:11.717078', 'gensim': '4.3.3', 'python': '3.11.14 | packaged by conda-forge | (main, Oct 22 2025, 22:46:25) [GCC 14.3.0]', 'platform': 'Linux-5.14.0-284.86.1.el9_2.x86_64-x86_64-with-glibc2.35', 'event': 'loaded'}
2025-11-06 13:03:11 INFO     gensim.utils: loading KeyedVectors object from /vast/edk202/NLP_models/Google_Books/20200217/eng/5gram_files/models_test/w2v_y2019_wbnone_vs200_w004_mc001_sg1_e015.kv
2025-11-06 13:03:11 INFO     gensim.utils: KeyedVectors lifecycle event {'fname': '/vast/edk202/NLP_models/Google_Books/20200217/eng/5gram_files/models_test/w2v_y2019_wbnone_vs200_w004_mc001_sg1_e015.kv', 'datetime': '2025-11-06T13:03:11.719945', 'gensim': '4.3.3', 'python': '3.11.14 | packaged by conda-forge | (main, Oct 22 2025, 22:46:25) [GCC 14.3.0]', 'platform': 'Linux-5.14.0-284.86.1.el9_2.x86_64-x86_64-with-glibc2.35', 'event': 'loaded'}
2025-11-06 13:03:11 INFO     gensim.utils: loading KeyedVectors object from /vast/edk202/NLP_models/Google_Books/20200217/eng/5gram_files/models_test/w2v_y2019_wbnone_vs200_w004_mc001_sg1_e020.kv
2025-11-06 13:03:11 INFO     gensim.utils: KeyedVectors lifecycle event {'fname': '/vast/edk202/NLP_models/Google_Books/20200217/eng/5gram_files/models_test/w2v_y2019_wbnone_vs200_w004_mc001_sg1_e020.kv', 'datetime': '2025-11-06T13:03:11.722911', 'gensim': '4.3.3', 'python': '3.11.14 | packaged by conda-forge | (main, Oct 22 2025, 22:46:25) [GCC 14.3.0]', 'platform': 'Linux-5.14.0-284.86.1.el9_2.x86_64-x86_64-with-glibc2.35', 'event': 'loaded'}
2025-11-06 13:03:11 INFO     gensim.utils: loading KeyedVectors object from /vast/edk202/NLP_models/Google_Books/20200217/eng/5gram_files/models_test/w2v_y2019_wbnone_vs200_w004_mc001_sg1_e025.kv
2025-11-06 13:03:11 INFO     gensim.utils: KeyedVectors lifecycle event {'fname': '/vast/edk202/NLP_models/Google_Books/20200217/eng/5gram_files/models_test/w2v_y2019_wbnone_vs200_w004_mc001_sg1_e025.kv', 'datetime': '2025-11-06T13:03:11.725829', 'gensim': '4.3.3', 'python': '3.11.14 | packaged by conda-forge | (main, Oct 22 2025, 22:46:25) [GCC 14.3.0]', 'platform': 'Linux-5.14.0-284.86.1.el9_2.x86_64-x86_64-with-glibc2.35', 'event': 'loaded'}
2025-11-06 13:03:11 INFO     gensim.utils: loading KeyedVectors object from /vast/edk202/NLP_models/Google_Books/20200217/eng/5gram_files/models_test/w2v_y2019_wbnone_vs300_w004_mc001_sg0_e005.kv
2025-11-06 13:03:11 INFO     gensim.utils: KeyedVectors lifecycle event {'fname': '/vast/edk202/NLP_models/Google_Books/20200217/eng/5gram_files/models_test/w2v_y2019_wbnone_vs300_w004_mc001_sg0_e005.kv', 'datetime': '2025-11-06T13:03:11.730187', 'gensim': '4.3.3', 'python': '3.11.14 | packaged by conda-forge | (main, Oct 22 2025, 22:46:25) [GCC 14.3.0]', 'platform': 'Linux-5.14.0-284.86.1.el9_2.x86_64-x86_64-with-glibc2.35', 'event': 'loaded'}
2025-11-06 13:03:11 INFO     gensim.utils: loading KeyedVectors object from /vast/edk202/NLP_models/Google_Books/20200217/eng/5gram_files/models_test/w2v_y2019_wbnone_vs300_w004_mc001_sg0_e010.kv
2025-11-06 13:03:11 INFO     gensim.utils: KeyedVectors lifecycle event {'fname': '/vast/edk202/NLP_models/Google_Books/20200217/eng/5gram_files/models_test/w2v_y2019_wbnone_vs300_w004_mc001_sg0_e010.kv', 'datetime': '2025-11-06T13:03:11.733633', 'gensim': '4.3.3', 'python': '3.11.14 | packaged by conda-forge | (main, Oct 22 2025, 22:46:25) [GCC 14.3.0]', 'platform': 'Linux-5.14.0-284.86.1.el9_2.x86_64-x86_64-with-glibc2.35', 'event': 'loaded'}
2025-11-06 13:03:11 INFO     gensim.utils: loading KeyedVectors object from /vast/edk202/NLP_models/Google_Books/20200217/eng/5gram_files/models_test/w2v_y2019_wbnone_vs300_w004_mc001_sg0_e015.kv
2025-11-06 13:03:11 INFO     gensim.utils: KeyedVectors lifecycle event {'fname': '/vast/edk202/NLP_models/Google_Books/20200217/eng/5gram_files/models_test/w2v_y2019_wbnone_vs300_w004_mc001_sg0_e015.kv', 'datetime': '2025-11-06T13:03:11.737438', 'gensim': '4.3.3', 'python': '3.11.14 | packaged by conda-forge | (main, Oct 22 2025, 22:46:25) [GCC 14.3.0]', 'platform': 'Linux-5.14.0-284.86.1.el9_2.x86_64-x86_64-with-glibc2.35', 'event': 'loaded'}
2025-11-06 13:03:11 INFO     gensim.utils: loading KeyedVectors object from /vast/edk202/NLP_models/Google_Books/20200217/eng/5gram_files/models_test/w2v_y2019_wbnone_vs300_w004_mc001_sg0_e020.kv
2025-11-06 13:03:11 INFO     gensim.utils: KeyedVectors lifecycle event {'fname': '/vast/edk202/NLP_models/Google_Books/20200217/eng/5gram_files/models_test/w2v_y2019_wbnone_vs300_w004_mc001_sg0_e020.kv', 'datetime': '2025-11-06T13:03:11.740872', 'gensim': '4.3.3', 'python': '3.11.14 | packaged by conda-forge | (main, Oct 22 2025, 22:46:25) [GCC 14.3.0]', 'platform': 'Linux-5.14.0-284.86.1.el9_2.x86_64-x86_64-with-glibc2.35', 'event': 'loaded'}
2025-11-06 13:03:11 INFO     gensim.utils: loading KeyedVectors object from /vast/edk202/NLP_models/Google_Books/20200217/eng/5gram_files/models_test/w2v_y2019_wbnone_vs300_w004_mc001_sg0_e025.kv
2025-11-06 13:03:11 INFO     gensim.utils: KeyedVectors lifecycle event {'fname': '/vast/edk202/NLP_models/Google_Books/20200217/eng/5gram_files/models_test/w2v_y2019_wbnone_vs300_w004_mc001_sg0_e025.kv', 'datetime': '2025-11-06T13:03:11.744267', 'gensim': '4.3.3', 'python': '3.11.14 | packaged by conda-forge | (main, Oct 22 2025, 22:46:25) [GCC 14.3.0]', 'platform': 'Linux-5.14.0-284.86.1.el9_2.x86_64-x86_64-with-glibc2.35', 'event': 'loaded'}
2025-11-06 13:03:11 INFO     gensim.utils: loading KeyedVectors object from /vast/edk202/NLP_models/Google_Books/20200217/eng/5gram_files/models_test/w2v_y2019_wbnone_vs300_w004_mc001_sg1_e005.kv
2025-11-06 13:03:11 INFO     gensim.utils: KeyedVectors lifecycle event {'fname': '/vast/edk202/NLP_models/Google_Books/20200217/eng/5gram_files/models_test/w2v_y2019_wbnone_vs300_w004_mc001_sg1_e005.kv', 'datetime': '2025-11-06T13:03:11.747470', 'gensim': '4.3.3', 'python': '3.11.14 | packaged by conda-forge | (main, Oct 22 2025, 22:46:25) [GCC 14.3.0]', 'platform': 'Linux-5.14.0-284.86.1.el9_2.x86_64-x86_64-with-glibc2.35', 'event': 'loaded'}
2025-11-06 13:03:11 INFO     gensim.utils: loading KeyedVectors object from /vast/edk202/NLP_models/Google_Books/20200217/eng/5gram_files/models_test/w2v_y2019_wbnone_vs300_w004_mc001_sg1_e010.kv
2025-11-06 13:03:11 INFO     gensim.utils: KeyedVectors lifecycle event {'fname': '/vast/edk202/NLP_models/Google_Books/20200217/eng/5gram_files/models_test/w2v_y2019_wbnone_vs300_w004_mc001_sg1_e010.kv', 'datetime': '2025-11-06T13:03:11.750734', 'gensim': '4.3.3', 'python': '3.11.14 | packaged by conda-forge | (main, Oct 22 2025, 22:46:25) [GCC 14.3.0]', 'platform': 'Linux-5.14.0-284.86.1.el9_2.x86_64-x86_64-with-glibc2.35', 'event': 'loaded'}
2025-11-06 13:03:11 INFO     gensim.utils: loading KeyedVectors object from /vast/edk202/NLP_models/Google_Books/20200217/eng/5gram_files/models_test/w2v_y2019_wbnone_vs300_w004_mc001_sg1_e015.kv
2025-11-06 13:03:11 INFO     gensim.utils: KeyedVectors lifecycle event {'fname': '/vast/edk202/NLP_models/Google_Books/20200217/eng/5gram_files/models_test/w2v_y2019_wbnone_vs300_w004_mc001_sg1_e015.kv', 'datetime': '2025-11-06T13:03:11.753931', 'gensim': '4.3.3', 'python': '3.11.14 | packaged by conda-forge | (main, Oct 22 2025, 22:46:25) [GCC 14.3.0]', 'platform': 'Linux-5.14.0-284.86.1.el9_2.x86_64-x86_64-with-glibc2.35', 'event': 'loaded'}
2025-11-06 13:03:11 INFO     gensim.utils: loading KeyedVectors object from /vast/edk202/NLP_models/Google_Books/20200217/eng/5gram_files/models_test/w2v_y2019_wbnone_vs300_w004_mc001_sg1_e020.kv
2025-11-06 13:03:11 INFO     gensim.utils: KeyedVectors lifecycle event {'fname': '/vast/edk202/NLP_models/Google_Books/20200217/eng/5gram_files/models_test/w2v_y2019_wbnone_vs300_w004_mc001_sg1_e020.kv', 'datetime': '2025-11-06T13:03:11.757268', 'gensim': '4.3.3', 'python': '3.11.14 | packaged by conda-forge | (main, Oct 22 2025, 22:46:25) [GCC 14.3.0]', 'platform': 'Linux-5.14.0-284.86.1.el9_2.x86_64-x86_64-with-glibc2.35', 'event': 'loaded'}
2025-11-06 13:03:11 INFO     gensim.utils: loading KeyedVectors object from /vast/edk202/NLP_models/Google_Books/20200217/eng/5gram_files/models_test/w2v_y2019_wbnone_vs300_w004_mc001_sg1_e025.kv
2025-11-06 13:03:11 INFO     gensim.utils: KeyedVectors lifecycle event {'fname': '/vast/edk202/NLP_models/Google_Books/20200217/eng/5gram_files/models_test/w2v_y2019_wbnone_vs300_w004_mc001_sg1_e025.kv', 'datetime': '2025-11-06T13:03:11.760535', 'gensim': '4.3.3', 'python': '3.11.14 | packaged by conda-forge | (main, Oct 22 2025, 22:46:25) [GCC 14.3.0]', 'platform': 'Linux-5.14.0-284.86.1.el9_2.x86_64-x86_64-with-glibc2.35', 'event': 'loaded'}
2025-11-06 13:03:35 ERROR    asyncio: Task was destroyed but it is pending!
task: <Task pending name='Task-421' coro=<Kernel.dispatch_control() running at /opt/miniforge/lib/python3.11/site-packages/ipykernel/kernelbase.py:341> wait_for=<Future pending cb=[Task.task_wakeup()]> cb=[ZMQStream._run_callback.<locals>._log_error() at /opt/miniforge/lib/python3.11/site-packages/zmq/eventloop/zmqstream.py:563]>
