2025-11-06 19:54:45 INFO     root: Logging initialized: /scratch/edk202/ngram-prep/logs/training_workflow/training_workflow_20251106_195445.log
2025-11-06 19:54:45 INFO     root: ================================================================================
2025-11-06 19:54:45 INFO     root: Workflow: training_workflow
2025-11-06 19:54:45 INFO     root: Started: 2025-11-06 19:54:45
2025-11-06 19:54:45 INFO     root: Log file: /scratch/edk202/ngram-prep/logs/training_workflow/training_workflow_20251106_195445.log
2025-11-06 19:54:45 INFO     root: ================================================================================
2025-11-06 19:54:45 INFO     gensim.utils: loading KeyedVectors object from /vast/edk202/NLP_models/Google_Books/20200217/eng/5gram_files/models_test/w2v_y1900_wbnone_vs100_w004_mc001_sg1_e005.kv
2025-11-06 19:54:45 INFO     gensim.utils: KeyedVectors lifecycle event {'fname': '/vast/edk202/NLP_models/Google_Books/20200217/eng/5gram_files/models_test/w2v_y1900_wbnone_vs100_w004_mc001_sg1_e005.kv', 'datetime': '2025-11-06T19:54:45.361636', 'gensim': '4.3.3', 'python': '3.11.14 | packaged by conda-forge | (main, Oct 22 2025, 22:46:25) [GCC 14.3.0]', 'platform': 'Linux-5.14.0-284.86.1.el9_2.x86_64-x86_64-with-glibc2.35', 'event': 'loaded'}
2025-11-06 19:54:45 INFO     gensim.utils: loading KeyedVectors object from /vast/edk202/NLP_models/Google_Books/20200217/eng/5gram_files/models_test/w2v_y1900_wbnone_vs100_w004_mc001_sg1_e010.kv
2025-11-06 19:54:45 INFO     gensim.utils: KeyedVectors lifecycle event {'fname': '/vast/edk202/NLP_models/Google_Books/20200217/eng/5gram_files/models_test/w2v_y1900_wbnone_vs100_w004_mc001_sg1_e010.kv', 'datetime': '2025-11-06T19:54:45.378332', 'gensim': '4.3.3', 'python': '3.11.14 | packaged by conda-forge | (main, Oct 22 2025, 22:46:25) [GCC 14.3.0]', 'platform': 'Linux-5.14.0-284.86.1.el9_2.x86_64-x86_64-with-glibc2.35', 'event': 'loaded'}
2025-11-06 19:54:45 INFO     gensim.utils: loading KeyedVectors object from /vast/edk202/NLP_models/Google_Books/20200217/eng/5gram_files/models_test/w2v_y1900_wbnone_vs100_w004_mc001_sg1_e015.kv
2025-11-06 19:54:45 INFO     gensim.utils: KeyedVectors lifecycle event {'fname': '/vast/edk202/NLP_models/Google_Books/20200217/eng/5gram_files/models_test/w2v_y1900_wbnone_vs100_w004_mc001_sg1_e015.kv', 'datetime': '2025-11-06T19:54:45.396642', 'gensim': '4.3.3', 'python': '3.11.14 | packaged by conda-forge | (main, Oct 22 2025, 22:46:25) [GCC 14.3.0]', 'platform': 'Linux-5.14.0-284.86.1.el9_2.x86_64-x86_64-with-glibc2.35', 'event': 'loaded'}
2025-11-06 19:54:45 INFO     gensim.utils: loading KeyedVectors object from /vast/edk202/NLP_models/Google_Books/20200217/eng/5gram_files/models_test/w2v_y1900_wbnone_vs100_w004_mc001_sg1_e020.kv
2025-11-06 19:54:45 INFO     gensim.utils: KeyedVectors lifecycle event {'fname': '/vast/edk202/NLP_models/Google_Books/20200217/eng/5gram_files/models_test/w2v_y1900_wbnone_vs100_w004_mc001_sg1_e020.kv', 'datetime': '2025-11-06T19:54:45.408180', 'gensim': '4.3.3', 'python': '3.11.14 | packaged by conda-forge | (main, Oct 22 2025, 22:46:25) [GCC 14.3.0]', 'platform': 'Linux-5.14.0-284.86.1.el9_2.x86_64-x86_64-with-glibc2.35', 'event': 'loaded'}
2025-11-06 19:54:45 INFO     gensim.utils: loading KeyedVectors object from /vast/edk202/NLP_models/Google_Books/20200217/eng/5gram_files/models_test/w2v_y1900_wbnone_vs100_w004_mc001_sg1_e025.kv
2025-11-06 19:54:45 INFO     gensim.utils: KeyedVectors lifecycle event {'fname': '/vast/edk202/NLP_models/Google_Books/20200217/eng/5gram_files/models_test/w2v_y1900_wbnone_vs100_w004_mc001_sg1_e025.kv', 'datetime': '2025-11-06T19:54:45.424788', 'gensim': '4.3.3', 'python': '3.11.14 | packaged by conda-forge | (main, Oct 22 2025, 22:46:25) [GCC 14.3.0]', 'platform': 'Linux-5.14.0-284.86.1.el9_2.x86_64-x86_64-with-glibc2.35', 'event': 'loaded'}
2025-11-06 19:54:45 INFO     gensim.utils: loading KeyedVectors object from /vast/edk202/NLP_models/Google_Books/20200217/eng/5gram_files/models_test/w2v_y1900_wbnone_vs100_w004_mc001_sg1_e030.kv
2025-11-06 19:54:45 INFO     gensim.utils: KeyedVectors lifecycle event {'fname': '/vast/edk202/NLP_models/Google_Books/20200217/eng/5gram_files/models_test/w2v_y1900_wbnone_vs100_w004_mc001_sg1_e030.kv', 'datetime': '2025-11-06T19:54:45.436023', 'gensim': '4.3.3', 'python': '3.11.14 | packaged by conda-forge | (main, Oct 22 2025, 22:46:25) [GCC 14.3.0]', 'platform': 'Linux-5.14.0-284.86.1.el9_2.x86_64-x86_64-with-glibc2.35', 'event': 'loaded'}
2025-11-06 19:54:45 INFO     gensim.utils: loading KeyedVectors object from /vast/edk202/NLP_models/Google_Books/20200217/eng/5gram_files/models_test/w2v_y1900_wbnone_vs200_w004_mc001_sg1_e005.kv
2025-11-06 19:54:45 INFO     gensim.utils: KeyedVectors lifecycle event {'fname': '/vast/edk202/NLP_models/Google_Books/20200217/eng/5gram_files/models_test/w2v_y1900_wbnone_vs200_w004_mc001_sg1_e005.kv', 'datetime': '2025-11-06T19:54:45.447882', 'gensim': '4.3.3', 'python': '3.11.14 | packaged by conda-forge | (main, Oct 22 2025, 22:46:25) [GCC 14.3.0]', 'platform': 'Linux-5.14.0-284.86.1.el9_2.x86_64-x86_64-with-glibc2.35', 'event': 'loaded'}
2025-11-06 19:54:45 INFO     gensim.utils: loading KeyedVectors object from /vast/edk202/NLP_models/Google_Books/20200217/eng/5gram_files/models_test/w2v_y1900_wbnone_vs200_w004_mc001_sg1_e010.kv
2025-11-06 19:54:45 INFO     gensim.utils: KeyedVectors lifecycle event {'fname': '/vast/edk202/NLP_models/Google_Books/20200217/eng/5gram_files/models_test/w2v_y1900_wbnone_vs200_w004_mc001_sg1_e010.kv', 'datetime': '2025-11-06T19:54:45.458917', 'gensim': '4.3.3', 'python': '3.11.14 | packaged by conda-forge | (main, Oct 22 2025, 22:46:25) [GCC 14.3.0]', 'platform': 'Linux-5.14.0-284.86.1.el9_2.x86_64-x86_64-with-glibc2.35', 'event': 'loaded'}
2025-11-06 19:54:45 INFO     gensim.utils: loading KeyedVectors object from /vast/edk202/NLP_models/Google_Books/20200217/eng/5gram_files/models_test/w2v_y1900_wbnone_vs200_w004_mc001_sg1_e015.kv
2025-11-06 19:54:45 INFO     gensim.utils: KeyedVectors lifecycle event {'fname': '/vast/edk202/NLP_models/Google_Books/20200217/eng/5gram_files/models_test/w2v_y1900_wbnone_vs200_w004_mc001_sg1_e015.kv', 'datetime': '2025-11-06T19:54:45.468901', 'gensim': '4.3.3', 'python': '3.11.14 | packaged by conda-forge | (main, Oct 22 2025, 22:46:25) [GCC 14.3.0]', 'platform': 'Linux-5.14.0-284.86.1.el9_2.x86_64-x86_64-with-glibc2.35', 'event': 'loaded'}
2025-11-06 19:54:45 INFO     gensim.utils: loading KeyedVectors object from /vast/edk202/NLP_models/Google_Books/20200217/eng/5gram_files/models_test/w2v_y1900_wbnone_vs200_w004_mc001_sg1_e020.kv
2025-11-06 19:54:45 INFO     gensim.utils: KeyedVectors lifecycle event {'fname': '/vast/edk202/NLP_models/Google_Books/20200217/eng/5gram_files/models_test/w2v_y1900_wbnone_vs200_w004_mc001_sg1_e020.kv', 'datetime': '2025-11-06T19:54:45.480067', 'gensim': '4.3.3', 'python': '3.11.14 | packaged by conda-forge | (main, Oct 22 2025, 22:46:25) [GCC 14.3.0]', 'platform': 'Linux-5.14.0-284.86.1.el9_2.x86_64-x86_64-with-glibc2.35', 'event': 'loaded'}
2025-11-06 19:54:45 INFO     gensim.utils: loading KeyedVectors object from /vast/edk202/NLP_models/Google_Books/20200217/eng/5gram_files/models_test/w2v_y1900_wbnone_vs200_w004_mc001_sg1_e025.kv
2025-11-06 19:54:45 INFO     gensim.utils: KeyedVectors lifecycle event {'fname': '/vast/edk202/NLP_models/Google_Books/20200217/eng/5gram_files/models_test/w2v_y1900_wbnone_vs200_w004_mc001_sg1_e025.kv', 'datetime': '2025-11-06T19:54:45.490558', 'gensim': '4.3.3', 'python': '3.11.14 | packaged by conda-forge | (main, Oct 22 2025, 22:46:25) [GCC 14.3.0]', 'platform': 'Linux-5.14.0-284.86.1.el9_2.x86_64-x86_64-with-glibc2.35', 'event': 'loaded'}
2025-11-06 19:54:45 INFO     gensim.utils: loading KeyedVectors object from /vast/edk202/NLP_models/Google_Books/20200217/eng/5gram_files/models_test/w2v_y1900_wbnone_vs200_w004_mc001_sg1_e030.kv
2025-11-06 19:54:45 INFO     gensim.utils: KeyedVectors lifecycle event {'fname': '/vast/edk202/NLP_models/Google_Books/20200217/eng/5gram_files/models_test/w2v_y1900_wbnone_vs200_w004_mc001_sg1_e030.kv', 'datetime': '2025-11-06T19:54:45.502937', 'gensim': '4.3.3', 'python': '3.11.14 | packaged by conda-forge | (main, Oct 22 2025, 22:46:25) [GCC 14.3.0]', 'platform': 'Linux-5.14.0-284.86.1.el9_2.x86_64-x86_64-with-glibc2.35', 'event': 'loaded'}
2025-11-06 19:54:45 INFO     gensim.utils: loading KeyedVectors object from /vast/edk202/NLP_models/Google_Books/20200217/eng/5gram_files/models_test/w2v_y1900_wbnone_vs300_w004_mc001_sg1_e005.kv
2025-11-06 19:54:45 INFO     gensim.utils: KeyedVectors lifecycle event {'fname': '/vast/edk202/NLP_models/Google_Books/20200217/eng/5gram_files/models_test/w2v_y1900_wbnone_vs300_w004_mc001_sg1_e005.kv', 'datetime': '2025-11-06T19:54:45.517577', 'gensim': '4.3.3', 'python': '3.11.14 | packaged by conda-forge | (main, Oct 22 2025, 22:46:25) [GCC 14.3.0]', 'platform': 'Linux-5.14.0-284.86.1.el9_2.x86_64-x86_64-with-glibc2.35', 'event': 'loaded'}
2025-11-06 19:54:45 INFO     gensim.utils: loading KeyedVectors object from /vast/edk202/NLP_models/Google_Books/20200217/eng/5gram_files/models_test/w2v_y1900_wbnone_vs300_w004_mc001_sg1_e010.kv
2025-11-06 19:54:45 INFO     gensim.utils: KeyedVectors lifecycle event {'fname': '/vast/edk202/NLP_models/Google_Books/20200217/eng/5gram_files/models_test/w2v_y1900_wbnone_vs300_w004_mc001_sg1_e010.kv', 'datetime': '2025-11-06T19:54:45.540397', 'gensim': '4.3.3', 'python': '3.11.14 | packaged by conda-forge | (main, Oct 22 2025, 22:46:25) [GCC 14.3.0]', 'platform': 'Linux-5.14.0-284.86.1.el9_2.x86_64-x86_64-with-glibc2.35', 'event': 'loaded'}
2025-11-06 19:54:45 INFO     gensim.utils: loading KeyedVectors object from /vast/edk202/NLP_models/Google_Books/20200217/eng/5gram_files/models_test/w2v_y1900_wbnone_vs300_w004_mc001_sg1_e015.kv
2025-11-06 19:54:45 INFO     gensim.utils: KeyedVectors lifecycle event {'fname': '/vast/edk202/NLP_models/Google_Books/20200217/eng/5gram_files/models_test/w2v_y1900_wbnone_vs300_w004_mc001_sg1_e015.kv', 'datetime': '2025-11-06T19:54:45.554946', 'gensim': '4.3.3', 'python': '3.11.14 | packaged by conda-forge | (main, Oct 22 2025, 22:46:25) [GCC 14.3.0]', 'platform': 'Linux-5.14.0-284.86.1.el9_2.x86_64-x86_64-with-glibc2.35', 'event': 'loaded'}
2025-11-06 19:54:45 INFO     gensim.utils: loading KeyedVectors object from /vast/edk202/NLP_models/Google_Books/20200217/eng/5gram_files/models_test/w2v_y1900_wbnone_vs300_w004_mc001_sg1_e020.kv
2025-11-06 19:54:45 INFO     gensim.utils: KeyedVectors lifecycle event {'fname': '/vast/edk202/NLP_models/Google_Books/20200217/eng/5gram_files/models_test/w2v_y1900_wbnone_vs300_w004_mc001_sg1_e020.kv', 'datetime': '2025-11-06T19:54:45.570233', 'gensim': '4.3.3', 'python': '3.11.14 | packaged by conda-forge | (main, Oct 22 2025, 22:46:25) [GCC 14.3.0]', 'platform': 'Linux-5.14.0-284.86.1.el9_2.x86_64-x86_64-with-glibc2.35', 'event': 'loaded'}
2025-11-06 19:54:45 INFO     gensim.utils: loading KeyedVectors object from /vast/edk202/NLP_models/Google_Books/20200217/eng/5gram_files/models_test/w2v_y1900_wbnone_vs300_w004_mc001_sg1_e025.kv
2025-11-06 19:54:45 INFO     gensim.utils: KeyedVectors lifecycle event {'fname': '/vast/edk202/NLP_models/Google_Books/20200217/eng/5gram_files/models_test/w2v_y1900_wbnone_vs300_w004_mc001_sg1_e025.kv', 'datetime': '2025-11-06T19:54:45.589790', 'gensim': '4.3.3', 'python': '3.11.14 | packaged by conda-forge | (main, Oct 22 2025, 22:46:25) [GCC 14.3.0]', 'platform': 'Linux-5.14.0-284.86.1.el9_2.x86_64-x86_64-with-glibc2.35', 'event': 'loaded'}
2025-11-06 19:54:45 INFO     gensim.utils: loading KeyedVectors object from /vast/edk202/NLP_models/Google_Books/20200217/eng/5gram_files/models_test/w2v_y1900_wbnone_vs300_w004_mc001_sg1_e030.kv
2025-11-06 19:54:45 INFO     gensim.utils: KeyedVectors lifecycle event {'fname': '/vast/edk202/NLP_models/Google_Books/20200217/eng/5gram_files/models_test/w2v_y1900_wbnone_vs300_w004_mc001_sg1_e030.kv', 'datetime': '2025-11-06T19:54:45.599703', 'gensim': '4.3.3', 'python': '3.11.14 | packaged by conda-forge | (main, Oct 22 2025, 22:46:25) [GCC 14.3.0]', 'platform': 'Linux-5.14.0-284.86.1.el9_2.x86_64-x86_64-with-glibc2.35', 'event': 'loaded'}
2025-11-06 19:54:45 INFO     gensim.utils: loading KeyedVectors object from /vast/edk202/NLP_models/Google_Books/20200217/eng/5gram_files/models_test/w2v_y1905_wbnone_vs100_w004_mc001_sg1_e005.kv
2025-11-06 19:54:45 INFO     gensim.utils: KeyedVectors lifecycle event {'fname': '/vast/edk202/NLP_models/Google_Books/20200217/eng/5gram_files/models_test/w2v_y1905_wbnone_vs100_w004_mc001_sg1_e005.kv', 'datetime': '2025-11-06T19:54:45.609792', 'gensim': '4.3.3', 'python': '3.11.14 | packaged by conda-forge | (main, Oct 22 2025, 22:46:25) [GCC 14.3.0]', 'platform': 'Linux-5.14.0-284.86.1.el9_2.x86_64-x86_64-with-glibc2.35', 'event': 'loaded'}
2025-11-06 19:54:45 INFO     gensim.utils: loading KeyedVectors object from /vast/edk202/NLP_models/Google_Books/20200217/eng/5gram_files/models_test/w2v_y1905_wbnone_vs100_w004_mc001_sg1_e010.kv
2025-11-06 19:54:45 INFO     gensim.utils: KeyedVectors lifecycle event {'fname': '/vast/edk202/NLP_models/Google_Books/20200217/eng/5gram_files/models_test/w2v_y1905_wbnone_vs100_w004_mc001_sg1_e010.kv', 'datetime': '2025-11-06T19:54:45.618337', 'gensim': '4.3.3', 'python': '3.11.14 | packaged by conda-forge | (main, Oct 22 2025, 22:46:25) [GCC 14.3.0]', 'platform': 'Linux-5.14.0-284.86.1.el9_2.x86_64-x86_64-with-glibc2.35', 'event': 'loaded'}
2025-11-06 19:54:45 INFO     gensim.utils: loading KeyedVectors object from /vast/edk202/NLP_models/Google_Books/20200217/eng/5gram_files/models_test/w2v_y1905_wbnone_vs100_w004_mc001_sg1_e015.kv
2025-11-06 19:54:45 INFO     gensim.utils: KeyedVectors lifecycle event {'fname': '/vast/edk202/NLP_models/Google_Books/20200217/eng/5gram_files/models_test/w2v_y1905_wbnone_vs100_w004_mc001_sg1_e015.kv', 'datetime': '2025-11-06T19:54:45.627198', 'gensim': '4.3.3', 'python': '3.11.14 | packaged by conda-forge | (main, Oct 22 2025, 22:46:25) [GCC 14.3.0]', 'platform': 'Linux-5.14.0-284.86.1.el9_2.x86_64-x86_64-with-glibc2.35', 'event': 'loaded'}
2025-11-06 19:54:45 INFO     gensim.utils: loading KeyedVectors object from /vast/edk202/NLP_models/Google_Books/20200217/eng/5gram_files/models_test/w2v_y1905_wbnone_vs100_w004_mc001_sg1_e020.kv
2025-11-06 19:54:45 INFO     gensim.utils: KeyedVectors lifecycle event {'fname': '/vast/edk202/NLP_models/Google_Books/20200217/eng/5gram_files/models_test/w2v_y1905_wbnone_vs100_w004_mc001_sg1_e020.kv', 'datetime': '2025-11-06T19:54:45.634199', 'gensim': '4.3.3', 'python': '3.11.14 | packaged by conda-forge | (main, Oct 22 2025, 22:46:25) [GCC 14.3.0]', 'platform': 'Linux-5.14.0-284.86.1.el9_2.x86_64-x86_64-with-glibc2.35', 'event': 'loaded'}
2025-11-06 19:54:45 INFO     gensim.utils: loading KeyedVectors object from /vast/edk202/NLP_models/Google_Books/20200217/eng/5gram_files/models_test/w2v_y1905_wbnone_vs100_w004_mc001_sg1_e025.kv
2025-11-06 19:54:45 INFO     gensim.utils: KeyedVectors lifecycle event {'fname': '/vast/edk202/NLP_models/Google_Books/20200217/eng/5gram_files/models_test/w2v_y1905_wbnone_vs100_w004_mc001_sg1_e025.kv', 'datetime': '2025-11-06T19:54:45.639818', 'gensim': '4.3.3', 'python': '3.11.14 | packaged by conda-forge | (main, Oct 22 2025, 22:46:25) [GCC 14.3.0]', 'platform': 'Linux-5.14.0-284.86.1.el9_2.x86_64-x86_64-with-glibc2.35', 'event': 'loaded'}
2025-11-06 19:54:45 INFO     gensim.utils: loading KeyedVectors object from /vast/edk202/NLP_models/Google_Books/20200217/eng/5gram_files/models_test/w2v_y1905_wbnone_vs100_w004_mc001_sg1_e030.kv
2025-11-06 19:54:45 INFO     gensim.utils: KeyedVectors lifecycle event {'fname': '/vast/edk202/NLP_models/Google_Books/20200217/eng/5gram_files/models_test/w2v_y1905_wbnone_vs100_w004_mc001_sg1_e030.kv', 'datetime': '2025-11-06T19:54:45.650842', 'gensim': '4.3.3', 'python': '3.11.14 | packaged by conda-forge | (main, Oct 22 2025, 22:46:25) [GCC 14.3.0]', 'platform': 'Linux-5.14.0-284.86.1.el9_2.x86_64-x86_64-with-glibc2.35', 'event': 'loaded'}
2025-11-06 19:54:45 INFO     gensim.utils: loading KeyedVectors object from /vast/edk202/NLP_models/Google_Books/20200217/eng/5gram_files/models_test/w2v_y1905_wbnone_vs200_w004_mc001_sg1_e005.kv
2025-11-06 19:54:45 INFO     gensim.utils: KeyedVectors lifecycle event {'fname': '/vast/edk202/NLP_models/Google_Books/20200217/eng/5gram_files/models_test/w2v_y1905_wbnone_vs200_w004_mc001_sg1_e005.kv', 'datetime': '2025-11-06T19:54:45.672452', 'gensim': '4.3.3', 'python': '3.11.14 | packaged by conda-forge | (main, Oct 22 2025, 22:46:25) [GCC 14.3.0]', 'platform': 'Linux-5.14.0-284.86.1.el9_2.x86_64-x86_64-with-glibc2.35', 'event': 'loaded'}
2025-11-06 19:54:45 INFO     gensim.utils: loading KeyedVectors object from /vast/edk202/NLP_models/Google_Books/20200217/eng/5gram_files/models_test/w2v_y1905_wbnone_vs200_w004_mc001_sg1_e010.kv
2025-11-06 19:54:45 INFO     gensim.utils: KeyedVectors lifecycle event {'fname': '/vast/edk202/NLP_models/Google_Books/20200217/eng/5gram_files/models_test/w2v_y1905_wbnone_vs200_w004_mc001_sg1_e010.kv', 'datetime': '2025-11-06T19:54:45.683405', 'gensim': '4.3.3', 'python': '3.11.14 | packaged by conda-forge | (main, Oct 22 2025, 22:46:25) [GCC 14.3.0]', 'platform': 'Linux-5.14.0-284.86.1.el9_2.x86_64-x86_64-with-glibc2.35', 'event': 'loaded'}
2025-11-06 19:54:45 INFO     gensim.utils: loading KeyedVectors object from /vast/edk202/NLP_models/Google_Books/20200217/eng/5gram_files/models_test/w2v_y1905_wbnone_vs200_w004_mc001_sg1_e015.kv
2025-11-06 19:54:45 INFO     gensim.utils: KeyedVectors lifecycle event {'fname': '/vast/edk202/NLP_models/Google_Books/20200217/eng/5gram_files/models_test/w2v_y1905_wbnone_vs200_w004_mc001_sg1_e015.kv', 'datetime': '2025-11-06T19:54:45.695720', 'gensim': '4.3.3', 'python': '3.11.14 | packaged by conda-forge | (main, Oct 22 2025, 22:46:25) [GCC 14.3.0]', 'platform': 'Linux-5.14.0-284.86.1.el9_2.x86_64-x86_64-with-glibc2.35', 'event': 'loaded'}
2025-11-06 19:54:45 INFO     gensim.utils: loading KeyedVectors object from /vast/edk202/NLP_models/Google_Books/20200217/eng/5gram_files/models_test/w2v_y1905_wbnone_vs200_w004_mc001_sg1_e020.kv
2025-11-06 19:54:45 INFO     gensim.utils: KeyedVectors lifecycle event {'fname': '/vast/edk202/NLP_models/Google_Books/20200217/eng/5gram_files/models_test/w2v_y1905_wbnone_vs200_w004_mc001_sg1_e020.kv', 'datetime': '2025-11-06T19:54:45.707249', 'gensim': '4.3.3', 'python': '3.11.14 | packaged by conda-forge | (main, Oct 22 2025, 22:46:25) [GCC 14.3.0]', 'platform': 'Linux-5.14.0-284.86.1.el9_2.x86_64-x86_64-with-glibc2.35', 'event': 'loaded'}
2025-11-06 19:54:45 INFO     gensim.utils: loading KeyedVectors object from /vast/edk202/NLP_models/Google_Books/20200217/eng/5gram_files/models_test/w2v_y1905_wbnone_vs200_w004_mc001_sg1_e025.kv
2025-11-06 19:54:45 INFO     gensim.utils: KeyedVectors lifecycle event {'fname': '/vast/edk202/NLP_models/Google_Books/20200217/eng/5gram_files/models_test/w2v_y1905_wbnone_vs200_w004_mc001_sg1_e025.kv', 'datetime': '2025-11-06T19:54:45.720995', 'gensim': '4.3.3', 'python': '3.11.14 | packaged by conda-forge | (main, Oct 22 2025, 22:46:25) [GCC 14.3.0]', 'platform': 'Linux-5.14.0-284.86.1.el9_2.x86_64-x86_64-with-glibc2.35', 'event': 'loaded'}
2025-11-06 19:54:45 INFO     gensim.utils: loading KeyedVectors object from /vast/edk202/NLP_models/Google_Books/20200217/eng/5gram_files/models_test/w2v_y1905_wbnone_vs200_w004_mc001_sg1_e030.kv
2025-11-06 19:54:45 INFO     gensim.utils: KeyedVectors lifecycle event {'fname': '/vast/edk202/NLP_models/Google_Books/20200217/eng/5gram_files/models_test/w2v_y1905_wbnone_vs200_w004_mc001_sg1_e030.kv', 'datetime': '2025-11-06T19:54:45.727542', 'gensim': '4.3.3', 'python': '3.11.14 | packaged by conda-forge | (main, Oct 22 2025, 22:46:25) [GCC 14.3.0]', 'platform': 'Linux-5.14.0-284.86.1.el9_2.x86_64-x86_64-with-glibc2.35', 'event': 'loaded'}
2025-11-06 19:54:45 INFO     gensim.utils: loading KeyedVectors object from /vast/edk202/NLP_models/Google_Books/20200217/eng/5gram_files/models_test/w2v_y1905_wbnone_vs300_w004_mc001_sg1_e005.kv
2025-11-06 19:54:45 INFO     gensim.utils: KeyedVectors lifecycle event {'fname': '/vast/edk202/NLP_models/Google_Books/20200217/eng/5gram_files/models_test/w2v_y1905_wbnone_vs300_w004_mc001_sg1_e005.kv', 'datetime': '2025-11-06T19:54:45.742267', 'gensim': '4.3.3', 'python': '3.11.14 | packaged by conda-forge | (main, Oct 22 2025, 22:46:25) [GCC 14.3.0]', 'platform': 'Linux-5.14.0-284.86.1.el9_2.x86_64-x86_64-with-glibc2.35', 'event': 'loaded'}
2025-11-06 19:54:45 INFO     gensim.utils: loading KeyedVectors object from /vast/edk202/NLP_models/Google_Books/20200217/eng/5gram_files/models_test/w2v_y1905_wbnone_vs300_w004_mc001_sg1_e010.kv
2025-11-06 19:54:45 INFO     gensim.utils: KeyedVectors lifecycle event {'fname': '/vast/edk202/NLP_models/Google_Books/20200217/eng/5gram_files/models_test/w2v_y1905_wbnone_vs300_w004_mc001_sg1_e010.kv', 'datetime': '2025-11-06T19:54:45.751514', 'gensim': '4.3.3', 'python': '3.11.14 | packaged by conda-forge | (main, Oct 22 2025, 22:46:25) [GCC 14.3.0]', 'platform': 'Linux-5.14.0-284.86.1.el9_2.x86_64-x86_64-with-glibc2.35', 'event': 'loaded'}
2025-11-06 19:54:45 INFO     gensim.utils: loading KeyedVectors object from /vast/edk202/NLP_models/Google_Books/20200217/eng/5gram_files/models_test/w2v_y1905_wbnone_vs300_w004_mc001_sg1_e015.kv
2025-11-06 19:54:45 INFO     gensim.utils: KeyedVectors lifecycle event {'fname': '/vast/edk202/NLP_models/Google_Books/20200217/eng/5gram_files/models_test/w2v_y1905_wbnone_vs300_w004_mc001_sg1_e015.kv', 'datetime': '2025-11-06T19:54:45.769650', 'gensim': '4.3.3', 'python': '3.11.14 | packaged by conda-forge | (main, Oct 22 2025, 22:46:25) [GCC 14.3.0]', 'platform': 'Linux-5.14.0-284.86.1.el9_2.x86_64-x86_64-with-glibc2.35', 'event': 'loaded'}
2025-11-06 19:54:45 INFO     gensim.utils: loading KeyedVectors object from /vast/edk202/NLP_models/Google_Books/20200217/eng/5gram_files/models_test/w2v_y1905_wbnone_vs300_w004_mc001_sg1_e020.kv
2025-11-06 19:54:45 INFO     gensim.utils: KeyedVectors lifecycle event {'fname': '/vast/edk202/NLP_models/Google_Books/20200217/eng/5gram_files/models_test/w2v_y1905_wbnone_vs300_w004_mc001_sg1_e020.kv', 'datetime': '2025-11-06T19:54:45.778711', 'gensim': '4.3.3', 'python': '3.11.14 | packaged by conda-forge | (main, Oct 22 2025, 22:46:25) [GCC 14.3.0]', 'platform': 'Linux-5.14.0-284.86.1.el9_2.x86_64-x86_64-with-glibc2.35', 'event': 'loaded'}
2025-11-06 19:54:45 INFO     gensim.utils: loading KeyedVectors object from /vast/edk202/NLP_models/Google_Books/20200217/eng/5gram_files/models_test/w2v_y1905_wbnone_vs300_w004_mc001_sg1_e025.kv
2025-11-06 19:54:45 INFO     gensim.utils: KeyedVectors lifecycle event {'fname': '/vast/edk202/NLP_models/Google_Books/20200217/eng/5gram_files/models_test/w2v_y1905_wbnone_vs300_w004_mc001_sg1_e025.kv', 'datetime': '2025-11-06T19:54:45.798262', 'gensim': '4.3.3', 'python': '3.11.14 | packaged by conda-forge | (main, Oct 22 2025, 22:46:25) [GCC 14.3.0]', 'platform': 'Linux-5.14.0-284.86.1.el9_2.x86_64-x86_64-with-glibc2.35', 'event': 'loaded'}
2025-11-06 19:54:45 INFO     gensim.utils: loading KeyedVectors object from /vast/edk202/NLP_models/Google_Books/20200217/eng/5gram_files/models_test/w2v_y1905_wbnone_vs300_w004_mc001_sg1_e030.kv
2025-11-06 19:54:45 INFO     gensim.utils: KeyedVectors lifecycle event {'fname': '/vast/edk202/NLP_models/Google_Books/20200217/eng/5gram_files/models_test/w2v_y1905_wbnone_vs300_w004_mc001_sg1_e030.kv', 'datetime': '2025-11-06T19:54:45.812054', 'gensim': '4.3.3', 'python': '3.11.14 | packaged by conda-forge | (main, Oct 22 2025, 22:46:25) [GCC 14.3.0]', 'platform': 'Linux-5.14.0-284.86.1.el9_2.x86_64-x86_64-with-glibc2.35', 'event': 'loaded'}
2025-11-06 19:54:45 INFO     gensim.utils: loading KeyedVectors object from /vast/edk202/NLP_models/Google_Books/20200217/eng/5gram_files/models_test/w2v_y1910_wbnone_vs100_w004_mc001_sg1_e005.kv
2025-11-06 19:54:45 INFO     gensim.utils: KeyedVectors lifecycle event {'fname': '/vast/edk202/NLP_models/Google_Books/20200217/eng/5gram_files/models_test/w2v_y1910_wbnone_vs100_w004_mc001_sg1_e005.kv', 'datetime': '2025-11-06T19:54:45.819275', 'gensim': '4.3.3', 'python': '3.11.14 | packaged by conda-forge | (main, Oct 22 2025, 22:46:25) [GCC 14.3.0]', 'platform': 'Linux-5.14.0-284.86.1.el9_2.x86_64-x86_64-with-glibc2.35', 'event': 'loaded'}
2025-11-06 19:54:45 INFO     gensim.utils: loading KeyedVectors object from /vast/edk202/NLP_models/Google_Books/20200217/eng/5gram_files/models_test/w2v_y1910_wbnone_vs100_w004_mc001_sg1_e010.kv
2025-11-06 19:54:45 INFO     gensim.utils: KeyedVectors lifecycle event {'fname': '/vast/edk202/NLP_models/Google_Books/20200217/eng/5gram_files/models_test/w2v_y1910_wbnone_vs100_w004_mc001_sg1_e010.kv', 'datetime': '2025-11-06T19:54:45.827075', 'gensim': '4.3.3', 'python': '3.11.14 | packaged by conda-forge | (main, Oct 22 2025, 22:46:25) [GCC 14.3.0]', 'platform': 'Linux-5.14.0-284.86.1.el9_2.x86_64-x86_64-with-glibc2.35', 'event': 'loaded'}
2025-11-06 19:54:45 INFO     gensim.utils: loading KeyedVectors object from /vast/edk202/NLP_models/Google_Books/20200217/eng/5gram_files/models_test/w2v_y1910_wbnone_vs100_w004_mc001_sg1_e015.kv
2025-11-06 19:54:45 INFO     gensim.utils: KeyedVectors lifecycle event {'fname': '/vast/edk202/NLP_models/Google_Books/20200217/eng/5gram_files/models_test/w2v_y1910_wbnone_vs100_w004_mc001_sg1_e015.kv', 'datetime': '2025-11-06T19:54:45.833378', 'gensim': '4.3.3', 'python': '3.11.14 | packaged by conda-forge | (main, Oct 22 2025, 22:46:25) [GCC 14.3.0]', 'platform': 'Linux-5.14.0-284.86.1.el9_2.x86_64-x86_64-with-glibc2.35', 'event': 'loaded'}
2025-11-06 19:54:45 INFO     gensim.utils: loading KeyedVectors object from /vast/edk202/NLP_models/Google_Books/20200217/eng/5gram_files/models_test/w2v_y1910_wbnone_vs100_w004_mc001_sg1_e020.kv
2025-11-06 19:54:45 INFO     gensim.utils: KeyedVectors lifecycle event {'fname': '/vast/edk202/NLP_models/Google_Books/20200217/eng/5gram_files/models_test/w2v_y1910_wbnone_vs100_w004_mc001_sg1_e020.kv', 'datetime': '2025-11-06T19:54:45.838829', 'gensim': '4.3.3', 'python': '3.11.14 | packaged by conda-forge | (main, Oct 22 2025, 22:46:25) [GCC 14.3.0]', 'platform': 'Linux-5.14.0-284.86.1.el9_2.x86_64-x86_64-with-glibc2.35', 'event': 'loaded'}
2025-11-06 19:54:45 INFO     gensim.utils: loading KeyedVectors object from /vast/edk202/NLP_models/Google_Books/20200217/eng/5gram_files/models_test/w2v_y1910_wbnone_vs100_w004_mc001_sg1_e025.kv
2025-11-06 19:54:45 INFO     gensim.utils: KeyedVectors lifecycle event {'fname': '/vast/edk202/NLP_models/Google_Books/20200217/eng/5gram_files/models_test/w2v_y1910_wbnone_vs100_w004_mc001_sg1_e025.kv', 'datetime': '2025-11-06T19:54:45.846703', 'gensim': '4.3.3', 'python': '3.11.14 | packaged by conda-forge | (main, Oct 22 2025, 22:46:25) [GCC 14.3.0]', 'platform': 'Linux-5.14.0-284.86.1.el9_2.x86_64-x86_64-with-glibc2.35', 'event': 'loaded'}
2025-11-06 19:54:45 INFO     gensim.utils: loading KeyedVectors object from /vast/edk202/NLP_models/Google_Books/20200217/eng/5gram_files/models_test/w2v_y1910_wbnone_vs200_w004_mc001_sg1_e005.kv
2025-11-06 19:54:45 INFO     gensim.utils: KeyedVectors lifecycle event {'fname': '/vast/edk202/NLP_models/Google_Books/20200217/eng/5gram_files/models_test/w2v_y1910_wbnone_vs200_w004_mc001_sg1_e005.kv', 'datetime': '2025-11-06T19:54:45.853064', 'gensim': '4.3.3', 'python': '3.11.14 | packaged by conda-forge | (main, Oct 22 2025, 22:46:25) [GCC 14.3.0]', 'platform': 'Linux-5.14.0-284.86.1.el9_2.x86_64-x86_64-with-glibc2.35', 'event': 'loaded'}
2025-11-06 19:54:45 INFO     gensim.utils: loading KeyedVectors object from /vast/edk202/NLP_models/Google_Books/20200217/eng/5gram_files/models_test/w2v_y1910_wbnone_vs200_w004_mc001_sg1_e010.kv
2025-11-06 19:54:45 INFO     gensim.utils: KeyedVectors lifecycle event {'fname': '/vast/edk202/NLP_models/Google_Books/20200217/eng/5gram_files/models_test/w2v_y1910_wbnone_vs200_w004_mc001_sg1_e010.kv', 'datetime': '2025-11-06T19:54:45.863694', 'gensim': '4.3.3', 'python': '3.11.14 | packaged by conda-forge | (main, Oct 22 2025, 22:46:25) [GCC 14.3.0]', 'platform': 'Linux-5.14.0-284.86.1.el9_2.x86_64-x86_64-with-glibc2.35', 'event': 'loaded'}
2025-11-06 19:54:45 INFO     gensim.utils: loading KeyedVectors object from /vast/edk202/NLP_models/Google_Books/20200217/eng/5gram_files/models_test/w2v_y1910_wbnone_vs200_w004_mc001_sg1_e015.kv
2025-11-06 19:54:45 INFO     gensim.utils: KeyedVectors lifecycle event {'fname': '/vast/edk202/NLP_models/Google_Books/20200217/eng/5gram_files/models_test/w2v_y1910_wbnone_vs200_w004_mc001_sg1_e015.kv', 'datetime': '2025-11-06T19:54:45.870327', 'gensim': '4.3.3', 'python': '3.11.14 | packaged by conda-forge | (main, Oct 22 2025, 22:46:25) [GCC 14.3.0]', 'platform': 'Linux-5.14.0-284.86.1.el9_2.x86_64-x86_64-with-glibc2.35', 'event': 'loaded'}
2025-11-06 19:54:45 INFO     gensim.utils: loading KeyedVectors object from /vast/edk202/NLP_models/Google_Books/20200217/eng/5gram_files/models_test/w2v_y1910_wbnone_vs300_w004_mc001_sg1_e005.kv
2025-11-06 19:54:45 INFO     gensim.utils: KeyedVectors lifecycle event {'fname': '/vast/edk202/NLP_models/Google_Books/20200217/eng/5gram_files/models_test/w2v_y1910_wbnone_vs300_w004_mc001_sg1_e005.kv', 'datetime': '2025-11-06T19:54:45.881430', 'gensim': '4.3.3', 'python': '3.11.14 | packaged by conda-forge | (main, Oct 22 2025, 22:46:25) [GCC 14.3.0]', 'platform': 'Linux-5.14.0-284.86.1.el9_2.x86_64-x86_64-with-glibc2.35', 'event': 'loaded'}
2025-11-06 19:58:58 INFO     gensim.models.word2vec: Shared corpus file created: /state/partition1/job-1655482/w2v_corpus_y1945_wbnone_4bs9nbzy.txt
2025-11-06 19:59:15 INFO     gensim.models.word2vec: Shared corpus file created: /state/partition1/job-1655482/w2v_corpus_y1935_wbnone_4wsucob2.txt
2025-11-06 19:59:24 INFO     gensim.models.word2vec: Shared corpus file created: /state/partition1/job-1655482/w2v_corpus_y1925_wbnone_vmrrw8__.txt
2025-11-06 19:59:28 INFO     gensim.models.word2vec: Shared corpus file created: /state/partition1/job-1655482/w2v_corpus_y1930_wbnone_4s57te9q.txt
2025-11-06 19:59:33 INFO     gensim.models.word2vec: Shared corpus file created: /state/partition1/job-1655482/w2v_corpus_y1915_wbnone_h72o0ny2.txt
2025-11-06 19:59:47 INFO     gensim.models.word2vec: Shared corpus file created: /state/partition1/job-1655482/w2v_corpus_y1920_wbnone_6cfbdgou.txt
2025-11-06 19:59:48 INFO     gensim.models.word2vec: Shared corpus file created: /state/partition1/job-1655482/w2v_corpus_y1940_wbnone_th4q3843.txt
2025-11-06 20:00:01 INFO     gensim.models.word2vec: Shared corpus file created: /state/partition1/job-1655482/w2v_corpus_y1910_wbnone_yq1blb7y.txt
2025-11-06 20:00:26 INFO     gensim.models.word2vec: Shared corpus file created: /state/partition1/job-1655482/w2v_corpus_y1950_wbnone_gieoi57x.txt
2025-11-06 20:00:33 INFO     gensim.models.word2vec: Shared corpus file created: /state/partition1/job-1655482/w2v_corpus_y1955_wbnone_j7c68pyc.txt
2025-11-06 20:01:44 INFO     gensim.models.word2vec: Shared corpus file created: /state/partition1/job-1655482/w2v_corpus_y1960_wbnone_ujog2pjo.txt
2025-11-06 20:01:56 INFO     gensim.models.word2vec: Shared corpus file created: /state/partition1/job-1655482/w2v_corpus_y1965_wbnone_s_eudvmj.txt
2025-11-06 20:02:38 INFO     gensim.models.word2vec: Shared corpus file created: /state/partition1/job-1655482/w2v_corpus_y1975_wbnone_aze5z88_.txt
2025-11-06 20:02:55 INFO     gensim.models.word2vec: Shared corpus file created: /state/partition1/job-1655482/w2v_corpus_y1970_wbnone_91aqqkad.txt
2025-11-06 20:03:09 INFO     gensim.models.word2vec: Shared corpus file created: /state/partition1/job-1655482/w2v_corpus_y1980_wbnone_85g5wvq0.txt
2025-11-06 20:03:25 INFO     gensim.models.word2vec: Shared corpus file created: /state/partition1/job-1655482/w2v_corpus_y1985_wbnone_et7c7bpd.txt
2025-11-06 20:04:08 INFO     gensim.models.word2vec: Shared corpus file created: /state/partition1/job-1655482/w2v_corpus_y2015_wbnone_29j64c3i.txt
2025-11-06 20:04:34 INFO     gensim.models.word2vec: Shared corpus file created: /state/partition1/job-1655482/w2v_corpus_y1995_wbnone__4o5k799.txt
2025-11-06 20:04:54 INFO     gensim.models.word2vec: Shared corpus file created: /state/partition1/job-1655482/w2v_corpus_y1990_wbnone_re42ifs8.txt
2025-11-06 20:05:03 INFO     gensim.models.word2vec: Shared corpus file created: /state/partition1/job-1655482/w2v_corpus_y2000_wbnone_qwx_krx5.txt
2025-11-06 20:05:26 INFO     gensim.models.word2vec: Shared corpus file created: /state/partition1/job-1655482/w2v_corpus_y2005_wbnone_50h8krz_.txt
2025-11-06 20:05:52 INFO     gensim.models.word2vec: Shared corpus file created: /state/partition1/job-1655482/w2v_corpus_y2010_wbnone_orak8zmz.txt
