2025-11-06 01:26:56 INFO     root: Logging initialized: /scratch/edk202/ngram-prep/logs/training_workflow/training_workflow_20251106_012656.log
2025-11-06 01:26:56 INFO     root: ================================================================================
2025-11-06 01:26:56 INFO     root: Workflow: training_workflow
2025-11-06 01:26:56 INFO     root: Started: 2025-11-06 01:26:56
2025-11-06 01:26:56 INFO     root: Log file: /scratch/edk202/ngram-prep/logs/training_workflow/training_workflow_20251106_012656.log
2025-11-06 01:26:56 INFO     root: ================================================================================
2025-11-06 01:26:56 INFO     gensim.utils: loading KeyedVectors object from /vast/edk202/NLP_models/Google_Books/20200217/eng/5gram_files/models_test/w2v_y2019_wbnone_vs100_w004_mc001_sg0_e010.kv
2025-11-06 01:26:56 INFO     gensim.utils: KeyedVectors lifecycle event {'fname': '/vast/edk202/NLP_models/Google_Books/20200217/eng/5gram_files/models_test/w2v_y2019_wbnone_vs100_w004_mc001_sg0_e010.kv', 'datetime': '2025-11-06T01:26:56.446046', 'gensim': '4.3.3', 'python': '3.11.14 | packaged by conda-forge | (main, Oct 22 2025, 22:46:25) [GCC 14.3.0]', 'platform': 'Linux-5.14.0-284.86.1.el9_2.x86_64-x86_64-with-glibc2.35', 'event': 'loaded'}
2025-11-06 01:26:56 INFO     gensim.utils: loading KeyedVectors object from /vast/edk202/NLP_models/Google_Books/20200217/eng/5gram_files/models_test/w2v_y2019_wbnone_vs100_w004_mc001_sg0_e015.kv
2025-11-06 01:26:56 INFO     gensim.utils: KeyedVectors lifecycle event {'fname': '/vast/edk202/NLP_models/Google_Books/20200217/eng/5gram_files/models_test/w2v_y2019_wbnone_vs100_w004_mc001_sg0_e015.kv', 'datetime': '2025-11-06T01:26:56.458553', 'gensim': '4.3.3', 'python': '3.11.14 | packaged by conda-forge | (main, Oct 22 2025, 22:46:25) [GCC 14.3.0]', 'platform': 'Linux-5.14.0-284.86.1.el9_2.x86_64-x86_64-with-glibc2.35', 'event': 'loaded'}
2025-11-06 01:26:56 INFO     gensim.utils: loading KeyedVectors object from /vast/edk202/NLP_models/Google_Books/20200217/eng/5gram_files/models_test/w2v_y2019_wbnone_vs100_w004_mc001_sg0_e020.kv
2025-11-06 01:26:56 INFO     gensim.utils: KeyedVectors lifecycle event {'fname': '/vast/edk202/NLP_models/Google_Books/20200217/eng/5gram_files/models_test/w2v_y2019_wbnone_vs100_w004_mc001_sg0_e020.kv', 'datetime': '2025-11-06T01:26:56.468290', 'gensim': '4.3.3', 'python': '3.11.14 | packaged by conda-forge | (main, Oct 22 2025, 22:46:25) [GCC 14.3.0]', 'platform': 'Linux-5.14.0-284.86.1.el9_2.x86_64-x86_64-with-glibc2.35', 'event': 'loaded'}
2025-11-06 01:26:56 INFO     gensim.utils: loading KeyedVectors object from /vast/edk202/NLP_models/Google_Books/20200217/eng/5gram_files/models_test/w2v_y2019_wbnone_vs100_w004_mc001_sg0_e025.kv
2025-11-06 01:26:56 INFO     gensim.utils: KeyedVectors lifecycle event {'fname': '/vast/edk202/NLP_models/Google_Books/20200217/eng/5gram_files/models_test/w2v_y2019_wbnone_vs100_w004_mc001_sg0_e025.kv', 'datetime': '2025-11-06T01:26:56.477316', 'gensim': '4.3.3', 'python': '3.11.14 | packaged by conda-forge | (main, Oct 22 2025, 22:46:25) [GCC 14.3.0]', 'platform': 'Linux-5.14.0-284.86.1.el9_2.x86_64-x86_64-with-glibc2.35', 'event': 'loaded'}
2025-11-06 01:26:56 INFO     gensim.utils: loading KeyedVectors object from /vast/edk202/NLP_models/Google_Books/20200217/eng/5gram_files/models_test/w2v_y2019_wbnone_vs200_w004_mc001_sg0_e010.kv
2025-11-06 01:26:56 INFO     gensim.utils: KeyedVectors lifecycle event {'fname': '/vast/edk202/NLP_models/Google_Books/20200217/eng/5gram_files/models_test/w2v_y2019_wbnone_vs200_w004_mc001_sg0_e010.kv', 'datetime': '2025-11-06T01:26:56.481274', 'gensim': '4.3.3', 'python': '3.11.14 | packaged by conda-forge | (main, Oct 22 2025, 22:46:25) [GCC 14.3.0]', 'platform': 'Linux-5.14.0-284.86.1.el9_2.x86_64-x86_64-with-glibc2.35', 'event': 'loaded'}
2025-11-06 01:26:56 INFO     gensim.utils: loading KeyedVectors object from /vast/edk202/NLP_models/Google_Books/20200217/eng/5gram_files/models_test/w2v_y2019_wbnone_vs200_w004_mc001_sg0_e015.kv
2025-11-06 01:26:56 INFO     gensim.utils: KeyedVectors lifecycle event {'fname': '/vast/edk202/NLP_models/Google_Books/20200217/eng/5gram_files/models_test/w2v_y2019_wbnone_vs200_w004_mc001_sg0_e015.kv', 'datetime': '2025-11-06T01:26:56.488362', 'gensim': '4.3.3', 'python': '3.11.14 | packaged by conda-forge | (main, Oct 22 2025, 22:46:25) [GCC 14.3.0]', 'platform': 'Linux-5.14.0-284.86.1.el9_2.x86_64-x86_64-with-glibc2.35', 'event': 'loaded'}
2025-11-06 01:26:56 INFO     gensim.utils: loading KeyedVectors object from /vast/edk202/NLP_models/Google_Books/20200217/eng/5gram_files/models_test/w2v_y2019_wbnone_vs200_w004_mc001_sg0_e020.kv
2025-11-06 01:26:56 INFO     gensim.utils: KeyedVectors lifecycle event {'fname': '/vast/edk202/NLP_models/Google_Books/20200217/eng/5gram_files/models_test/w2v_y2019_wbnone_vs200_w004_mc001_sg0_e020.kv', 'datetime': '2025-11-06T01:26:56.491800', 'gensim': '4.3.3', 'python': '3.11.14 | packaged by conda-forge | (main, Oct 22 2025, 22:46:25) [GCC 14.3.0]', 'platform': 'Linux-5.14.0-284.86.1.el9_2.x86_64-x86_64-with-glibc2.35', 'event': 'loaded'}
2025-11-06 01:26:56 INFO     gensim.utils: loading KeyedVectors object from /vast/edk202/NLP_models/Google_Books/20200217/eng/5gram_files/models_test/w2v_y2019_wbnone_vs200_w004_mc001_sg0_e025.kv
2025-11-06 01:26:56 INFO     gensim.utils: KeyedVectors lifecycle event {'fname': '/vast/edk202/NLP_models/Google_Books/20200217/eng/5gram_files/models_test/w2v_y2019_wbnone_vs200_w004_mc001_sg0_e025.kv', 'datetime': '2025-11-06T01:26:56.495059', 'gensim': '4.3.3', 'python': '3.11.14 | packaged by conda-forge | (main, Oct 22 2025, 22:46:25) [GCC 14.3.0]', 'platform': 'Linux-5.14.0-284.86.1.el9_2.x86_64-x86_64-with-glibc2.35', 'event': 'loaded'}
2025-11-06 01:36:27 INFO     gensim.models.word2vec: Shared corpus file created: /state/partition1/job-1628368/w2v_corpus_y2019_wbnone_pwh3riaz.txt
